{"/home/travis/build/npmtest/node-npmtest-gremlins.js/test.js":{"path":"/home/travis/build/npmtest/node-npmtest-gremlins.js/test.js","s":{"1":2,"2":2,"3":2,"4":2,"5":2,"6":2,"7":2,"8":1,"9":2,"10":2,"11":1,"12":1,"13":1,"14":1,"15":2,"16":2,"17":2,"18":2,"19":1,"20":1,"21":2,"22":2,"23":2,"24":1,"25":1,"26":1,"27":1,"28":1,"29":1,"30":1,"31":1,"32":1,"33":1,"34":1,"35":1,"36":1,"37":1,"38":1,"39":2,"40":2,"41":1,"42":2,"43":2,"44":1,"45":2,"46":2,"47":1,"48":2,"49":2,"50":1,"51":1,"52":1,"53":1,"54":1},"b":{"1":[2,1,1,1],"2":[1,1,1,1],"3":[1,1],"4":[1,1],"5":[1,1],"6":[1,1],"7":[1,1],"8":[1,1],"9":[1,1],"10":[1,1,1],"11":[1,1],"12":[1,1],"13":[1,1],"14":[1,1],"15":[1,1],"16":[1,1],"17":[1,1]},"f":{"1":2,"2":2,"3":2,"4":2,"5":2,"6":1,"7":1,"8":1,"9":2,"10":2,"11":2,"12":2,"13":1},"fnMap":{"1":{"name":"(anonymous_1)","line":12,"loc":{"start":{"line":12,"column":1},"end":{"line":12,"column":13}}},"2":{"name":"(anonymous_2)","line":19,"loc":{"start":{"line":19,"column":5},"end":{"line":19,"column":17}}},"3":{"name":"(anonymous_3)","line":23,"loc":{"start":{"line":23,"column":24},"end":{"line":23,"column":36}}},"4":{"name":"(anonymous_4)","line":61,"loc":{"start":{"line":61,"column":5},"end":{"line":61,"column":17}}},"5":{"name":"(anonymous_5)","line":82,"loc":{"start":{"line":82,"column":5},"end":{"line":82,"column":17}}},"6":{"name":"(anonymous_6)","line":91,"loc":{"start":{"line":91,"column":77},"end":{"line":94,"column":10}}},"7":{"name":"(anonymous_7)","line":112,"loc":{"start":{"line":112,"column":83},"end":{"line":115,"column":10}},"skip":true},"8":{"name":"(anonymous_8)","line":123,"loc":{"start":{"line":123,"column":77},"end":{"line":126,"column":10}},"skip":true},"9":{"name":"(anonymous_9)","line":139,"loc":{"start":{"line":139,"column":12},"end":{"line":139,"column":40}},"skip":true},"10":{"name":"(anonymous_10)","line":147,"loc":{"start":{"line":147,"column":77},"end":{"line":150,"column":10}},"skip":true},"11":{"name":"(anonymous_11)","line":158,"loc":{"start":{"line":158,"column":83},"end":{"line":161,"column":10}},"skip":true},"12":{"name":"(anonymous_12)","line":169,"loc":{"start":{"line":169,"column":79},"end":{"line":172,"column":10}},"skip":true},"13":{"name":"(anonymous_13)","line":180,"loc":{"start":{"line":180,"column":75},"end":{"line":183,"column":10}},"skip":true}},"statementMap":{"1":{"start":{"line":12,"column":0},"end":{"line":195,"column":5}},"2":{"start":{"line":14,"column":4},"end":{"line":14,"column":14}},"3":{"start":{"line":19,"column":4},"end":{"line":56,"column":9}},"4":{"start":{"line":21,"column":8},"end":{"line":21,"column":19}},"5":{"start":{"line":23,"column":8},"end":{"line":35,"column":13}},"6":{"start":{"line":24,"column":12},"end":{"line":34,"column":13}},"7":{"start":{"line":25,"column":16},"end":{"line":28,"column":30}},"8":{"start":{"line":30,"column":16},"end":{"line":33,"column":27}},"9":{"start":{"line":37,"column":8},"end":{"line":39,"column":21}},"10":{"start":{"line":40,"column":8},"end":{"line":53,"column":9}},"11":{"start":{"line":43,"column":12},"end":{"line":46,"column":14}},"12":{"start":{"line":47,"column":12},"end":{"line":47,"column":18}},"13":{"start":{"line":50,"column":12},"end":{"line":51,"column":46}},"14":{"start":{"line":52,"column":12},"end":{"line":52,"column":18}},"15":{"start":{"line":55,"column":8},"end":{"line":55,"column":35}},"16":{"start":{"line":61,"column":4},"end":{"line":63,"column":9}},"17":{"start":{"line":62,"column":8},"end":{"line":62,"column":15}},"18":{"start":{"line":64,"column":4},"end":{"line":77,"column":5}},"19":{"start":{"line":70,"column":8},"end":{"line":70,"column":14}},"20":{"start":{"line":76,"column":8},"end":{"line":76,"column":14}},"21":{"start":{"line":82,"column":4},"end":{"line":84,"column":9}},"22":{"start":{"line":83,"column":8},"end":{"line":83,"column":15}},"23":{"start":{"line":85,"column":4},"end":{"line":194,"column":5}},"24":{"start":{"line":91,"column":8},"end":{"line":99,"column":10}},"25":{"start":{"line":98,"column":12},"end":{"line":98,"column":35}},"26":{"start":{"line":102,"column":8},"end":{"line":104,"column":63}},"27":{"start":{"line":105,"column":8},"end":{"line":105,"column":14}},"28":{"start":{"line":112,"column":8},"end":{"line":121,"column":10},"skip":true},"29":{"start":{"line":119,"column":12},"end":{"line":119,"column":55},"skip":true},"30":{"start":{"line":120,"column":12},"end":{"line":120,"column":48},"skip":true},"31":{"start":{"line":123,"column":8},"end":{"line":136,"column":10},"skip":true},"32":{"start":{"line":130,"column":12},"end":{"line":130,"column":76},"skip":true},"33":{"start":{"line":131,"column":12},"end":{"line":131,"column":73},"skip":true},"34":{"start":{"line":132,"column":12},"end":{"line":132,"column":74},"skip":true},"35":{"start":{"line":133,"column":12},"end":{"line":133,"column":79},"skip":true},"36":{"start":{"line":134,"column":12},"end":{"line":134,"column":25},"skip":true},"37":{"start":{"line":135,"column":12},"end":{"line":135,"column":45},"skip":true},"38":{"start":{"line":138,"column":8},"end":{"line":145,"column":14},"skip":true},"39":{"start":{"line":143,"column":16},"end":{"line":143,"column":29},"skip":true},"40":{"start":{"line":144,"column":16},"end":{"line":144,"column":55},"skip":true},"41":{"start":{"line":147,"column":8},"end":{"line":156,"column":10},"skip":true},"42":{"start":{"line":154,"column":12},"end":{"line":154,"column":25},"skip":true},"43":{"start":{"line":155,"column":12},"end":{"line":155,"column":45},"skip":true},"44":{"start":{"line":158,"column":8},"end":{"line":167,"column":10},"skip":true},"45":{"start":{"line":165,"column":12},"end":{"line":165,"column":25},"skip":true},"46":{"start":{"line":166,"column":12},"end":{"line":166,"column":48},"skip":true},"47":{"start":{"line":169,"column":8},"end":{"line":178,"column":10},"skip":true},"48":{"start":{"line":176,"column":12},"end":{"line":176,"column":25},"skip":true},"49":{"start":{"line":177,"column":12},"end":{"line":177,"column":46},"skip":true},"50":{"start":{"line":180,"column":8},"end":{"line":189,"column":10},"skip":true},"51":{"start":{"line":187,"column":12},"end":{"line":187,"column":94},"skip":true},"52":{"start":{"line":188,"column":12},"end":{"line":188,"column":48},"skip":true},"53":{"start":{"line":192,"column":8},"end":{"line":192,"column":35},"skip":true},"54":{"start":{"line":193,"column":8},"end":{"line":193,"column":14},"skip":true}},"branchMap":{"1":{"line":25,"type":"binary-expr","locations":[{"start":{"line":25,"column":23},"end":{"line":25,"column":62}},{"start":{"line":26,"column":20},"end":{"line":26,"column":70}},{"start":{"line":27,"column":20},"end":{"line":27,"column":71}},{"start":{"line":28,"column":20},"end":{"line":28,"column":29}}]},"2":{"line":30,"type":"binary-expr","locations":[{"start":{"line":30,"column":23},"end":{"line":30,"column":37}},{"start":{"line":31,"column":20},"end":{"line":31,"column":61}},{"start":{"line":32,"column":20},"end":{"line":32,"column":70}},{"start":{"line":33,"column":20},"end":{"line":33,"column":26}}]},"3":{"line":37,"type":"cond-expr","locations":[{"start":{"line":38,"column":14},"end":{"line":38,"column":20}},{"start":{"line":39,"column":14},"end":{"line":39,"column":20}}]},"4":{"line":40,"type":"switch","locations":[{"start":{"line":42,"column":8},"end":{"line":47,"column":18}},{"start":{"line":49,"column":8},"end":{"line":52,"column":18}}]},"5":{"line":44,"type":"binary-expr","locations":[{"start":{"line":44,"column":16},"end":{"line":44,"column":44}},{"start":{"line":44,"column":48},"end":{"line":44,"column":66}}]},"6":{"line":50,"type":"binary-expr","locations":[{"start":{"line":50,"column":21},"end":{"line":50,"column":49}},{"start":{"line":50,"column":53},"end":{"line":50,"column":72}}]},"7":{"line":64,"type":"switch","locations":[{"start":{"line":69,"column":4},"end":{"line":70,"column":14}},{"start":{"line":75,"column":4},"end":{"line":76,"column":14}}]},"8":{"line":85,"type":"switch","locations":[{"start":{"line":90,"column":4},"end":{"line":105,"column":14}},{"start":{"line":111,"column":4},"end":{"line":193,"column":14},"skip":true}]},"9":{"line":91,"type":"binary-expr","locations":[{"start":{"line":91,"column":42},"end":{"line":91,"column":73}},{"start":{"line":91,"column":77},"end":{"line":99,"column":9}}]},"10":{"line":102,"type":"binary-expr","locations":[{"start":{"line":102,"column":18},"end":{"line":102,"column":32}},{"start":{"line":103,"column":12},"end":{"line":103,"column":53}},{"start":{"line":104,"column":12},"end":{"line":104,"column":61}}]},"11":{"line":112,"type":"binary-expr","locations":[{"start":{"line":112,"column":45},"end":{"line":112,"column":79},"skip":true},{"start":{"line":112,"column":83},"end":{"line":121,"column":9},"skip":true}]},"12":{"line":123,"type":"binary-expr","locations":[{"start":{"line":123,"column":42},"end":{"line":123,"column":73},"skip":true},{"start":{"line":123,"column":77},"end":{"line":136,"column":9},"skip":true}]},"13":{"line":138,"type":"binary-expr","locations":[{"start":{"line":138,"column":48},"end":{"line":138,"column":85},"skip":true},{"start":{"line":139,"column":12},"end":{"line":145,"column":13},"skip":true}]},"14":{"line":147,"type":"binary-expr","locations":[{"start":{"line":147,"column":42},"end":{"line":147,"column":73},"skip":true},{"start":{"line":147,"column":77},"end":{"line":156,"column":9},"skip":true}]},"15":{"line":158,"type":"binary-expr","locations":[{"start":{"line":158,"column":45},"end":{"line":158,"column":79},"skip":true},{"start":{"line":158,"column":83},"end":{"line":167,"column":9},"skip":true}]},"16":{"line":169,"type":"binary-expr","locations":[{"start":{"line":169,"column":43},"end":{"line":169,"column":75},"skip":true},{"start":{"line":169,"column":79},"end":{"line":178,"column":9},"skip":true}]},"17":{"line":180,"type":"binary-expr","locations":[{"start":{"line":180,"column":41},"end":{"line":180,"column":71},"skip":true},{"start":{"line":180,"column":75},"end":{"line":189,"column":9},"skip":true}]}},"code":["/* istanbul instrument in package npmtest_gremlins_js */","/*jslint","    bitwise: true,","    browser: true,","    maxerr: 8,","    maxlen: 96,","    node: true,","    nomen: true,","    regexp: true,","    stupid: true","*/","(function () {","    'use strict';","    var local;","","","","    // run shared js-env code - pre-init","    (function () {","        // init local","        local = {};","        // init modeJs","        local.modeJs = (function () {","            try {","                return typeof navigator.userAgent === 'string' &&","                    typeof document.querySelector('body') === 'object' &&","                    typeof XMLHttpRequest.prototype.open === 'function' &&","                    'browser';","            } catch (errorCaughtBrowser) {","                return module.exports &&","                    typeof process.versions.node === 'string' &&","                    typeof require('http').createServer === 'function' &&","                    'node';","            }","        }());","        // init global","        local.global = local.modeJs === 'browser'","            ? window","            : global;","        switch (local.modeJs) {","        // re-init local from window.local","        case 'browser':","            local = local.global.utility2.objectSetDefault(","                local.global.utility2_rollup || local.global.local,","                local.global.utility2","            );","            break;","        // re-init local from example.js","        case 'node':","            local = (local.global.utility2_rollup || require('utility2'))","                .requireExampleJsFromReadme();","            break;","        }","        // export local","        local.global.local = local;","    }());","","","","    // run shared js-env code - function","    (function () {","        return;","    }());","    switch (local.modeJs) {","","","","    // run browser js-env code - function","    case 'browser':","        break;","","","","    // run node js-env code - function","    case 'node':","        break;","    }","","","","    // run shared js-env code - post-init","    (function () {","        return;","    }());","    switch (local.modeJs) {","","","","    // run browser js-env code - post-init","    case 'browser':","        local.testCase_browser_nullCase = local.testCase_browser_nullCase || function (","            options,","            onError","        ) {","        /*","         * this function will test browsers's null-case handling-behavior-behavior","         */","            onError(null, options);","        };","","        // run tests","        local.nop(local.modeTest &&","            document.querySelector('#testRunButton1') &&","            document.querySelector('#testRunButton1').click());","        break;","","","","    // run node js-env code - post-init","    /* istanbul ignore next */","    case 'node':","        local.testCase_buildApidoc_default = local.testCase_buildApidoc_default || function (","            options,","            onError","        ) {","        /*","         * this function will test buildApidoc's default handling-behavior-behavior","         */","            options = { modulePathList: module.paths };","            local.buildApidoc(options, onError);","        };","","        local.testCase_buildApp_default = local.testCase_buildApp_default || function (","            options,","            onError","        ) {","        /*","         * this function will test buildApp's default handling-behavior-behavior","         */","            local.testCase_buildReadme_default(options, local.onErrorThrow);","            local.testCase_buildLib_default(options, local.onErrorThrow);","            local.testCase_buildTest_default(options, local.onErrorThrow);","            local.testCase_buildCustomOrg_default(options, local.onErrorThrow);","            options = [];","            local.buildApp(options, onError);","        };","","        local.testCase_buildCustomOrg_default = local.testCase_buildCustomOrg_default ||","            function (options, onError) {","            /*","             * this function will test buildCustomOrg's default handling-behavior","             */","                options = {};","                local.buildCustomOrg(options, onError);","            };","","        local.testCase_buildLib_default = local.testCase_buildLib_default || function (","            options,","            onError","        ) {","        /*","         * this function will test buildLib's default handling-behavior","         */","            options = {};","            local.buildLib(options, onError);","        };","","        local.testCase_buildReadme_default = local.testCase_buildReadme_default || function (","            options,","            onError","        ) {","        /*","         * this function will test buildReadme's default handling-behavior-behavior","         */","            options = {};","            local.buildReadme(options, onError);","        };","","        local.testCase_buildTest_default = local.testCase_buildTest_default || function (","            options,","            onError","        ) {","        /*","         * this function will test buildTest's default handling-behavior","         */","            options = {};","            local.buildTest(options, onError);","        };","","        local.testCase_webpage_default = local.testCase_webpage_default || function (","            options,","            onError","        ) {","        /*","         * this function will test webpage's default handling-behavior","         */","            options = { modeCoverageMerge: true, url: local.serverLocalHost + '?modeTest=1' };","            local.browserTest(options, onError);","        };","","        // run test-server","        local.testRunServer(local);","        break;","    }","}());",""],"l":{"12":2,"14":2,"19":2,"21":2,"23":2,"24":2,"25":2,"30":1,"37":2,"40":2,"43":1,"47":1,"50":1,"52":1,"55":2,"61":2,"62":2,"64":2,"70":1,"76":1,"82":2,"83":2,"85":2,"91":1,"98":1,"102":1,"105":1,"112":1,"119":1,"120":1,"123":1,"130":1,"131":1,"132":1,"133":1,"134":1,"135":1,"138":1,"143":2,"144":2,"147":1,"154":2,"155":2,"158":1,"165":2,"166":2,"169":1,"176":2,"177":2,"180":1,"187":1,"188":1,"192":1,"193":1}},"/home/travis/build/npmtest/node-npmtest-gremlins.js/lib.npmtest_gremlins.js.js":{"path":"/home/travis/build/npmtest/node-npmtest-gremlins.js/lib.npmtest_gremlins.js.js","s":{"1":2,"2":2,"3":2,"4":2,"5":2,"6":2,"7":2,"8":1,"9":2,"10":2,"11":2,"12":2,"13":1,"14":1,"15":1,"16":1},"b":{"1":[2,1,1,1],"2":[1,1,1,1],"3":[1,1],"4":[2,2],"5":[1,1]},"f":{"1":2,"2":2,"3":2},"fnMap":{"1":{"name":"(anonymous_1)","line":12,"loc":{"start":{"line":12,"column":1},"end":{"line":12,"column":13}}},"2":{"name":"(anonymous_2)","line":19,"loc":{"start":{"line":19,"column":5},"end":{"line":19,"column":17}}},"3":{"name":"(anonymous_3)","line":23,"loc":{"start":{"line":23,"column":24},"end":{"line":23,"column":36}}}},"statementMap":{"1":{"start":{"line":12,"column":0},"end":{"line":53,"column":5}},"2":{"start":{"line":14,"column":4},"end":{"line":14,"column":14}},"3":{"start":{"line":19,"column":4},"end":{"line":52,"column":9}},"4":{"start":{"line":21,"column":8},"end":{"line":21,"column":19}},"5":{"start":{"line":23,"column":8},"end":{"line":35,"column":13}},"6":{"start":{"line":24,"column":12},"end":{"line":34,"column":13}},"7":{"start":{"line":25,"column":16},"end":{"line":28,"column":30}},"8":{"start":{"line":30,"column":16},"end":{"line":33,"column":27}},"9":{"start":{"line":37,"column":8},"end":{"line":39,"column":21}},"10":{"start":{"line":41,"column":8},"end":{"line":41,"column":54}},"11":{"start":{"line":43,"column":8},"end":{"line":43,"column":56}},"12":{"start":{"line":45,"column":8},"end":{"line":51,"column":9}},"13":{"start":{"line":46,"column":12},"end":{"line":46,"column":62}},"14":{"start":{"line":48,"column":12},"end":{"line":48,"column":35}},"15":{"start":{"line":49,"column":12},"end":{"line":49,"column":49}},"16":{"start":{"line":50,"column":12},"end":{"line":50,"column":43}}},"branchMap":{"1":{"line":25,"type":"binary-expr","locations":[{"start":{"line":25,"column":23},"end":{"line":25,"column":62}},{"start":{"line":26,"column":20},"end":{"line":26,"column":70}},{"start":{"line":27,"column":20},"end":{"line":27,"column":71}},{"start":{"line":28,"column":20},"end":{"line":28,"column":29}}]},"2":{"line":30,"type":"binary-expr","locations":[{"start":{"line":30,"column":23},"end":{"line":30,"column":37}},{"start":{"line":31,"column":20},"end":{"line":31,"column":61}},{"start":{"line":32,"column":20},"end":{"line":32,"column":70}},{"start":{"line":33,"column":20},"end":{"line":33,"column":26}}]},"3":{"line":37,"type":"cond-expr","locations":[{"start":{"line":38,"column":14},"end":{"line":38,"column":20}},{"start":{"line":39,"column":14},"end":{"line":39,"column":20}}]},"4":{"line":41,"type":"binary-expr","locations":[{"start":{"line":41,"column":16},"end":{"line":41,"column":44}},{"start":{"line":41,"column":48},"end":{"line":41,"column":53}}]},"5":{"line":45,"type":"if","locations":[{"start":{"line":45,"column":8},"end":{"line":45,"column":8}},{"start":{"line":45,"column":8},"end":{"line":45,"column":8}}]}},"code":["/* istanbul instrument in package npmtest_gremlins_js */","/*jslint","    bitwise: true,","    browser: true,","    maxerr: 8,","    maxlen: 96,","    node: true,","    nomen: true,","    regexp: true,","    stupid: true","*/","(function () {","    'use strict';","    var local;","","","","    // run shared js-env code - pre-init","    (function () {","        // init local","        local = {};","        // init modeJs","        local.modeJs = (function () {","            try {","                return typeof navigator.userAgent === 'string' &&","                    typeof document.querySelector('body') === 'object' &&","                    typeof XMLHttpRequest.prototype.open === 'function' &&","                    'browser';","            } catch (errorCaughtBrowser) {","                return module.exports &&","                    typeof process.versions.node === 'string' &&","                    typeof require('http').createServer === 'function' &&","                    'node';","            }","        }());","        // init global","        local.global = local.modeJs === 'browser'","            ? window","            : global;","        // init utility2_rollup","        local = local.global.utility2_rollup || local;","        // init lib","        local.local = local.npmtest_gremlins_js = local;","        // init exports","        if (local.modeJs === 'browser') {","            local.global.utility2_npmtest_gremlins_js = local;","        } else {","            module.exports = local;","            module.exports.__dirname = __dirname;","            module.exports.module = module;","        }","    }());","}());",""],"l":{"12":2,"14":2,"19":2,"21":2,"23":2,"24":2,"25":2,"30":1,"37":2,"41":2,"43":2,"45":2,"46":1,"48":1,"49":1,"50":1}},"/home/travis/build/npmtest/node-npmtest-gremlins.js/example.js":{"path":"/home/travis/build/npmtest/node-npmtest-gremlins.js/example.js","s":{"1":2,"2":2,"3":2,"4":2,"5":2,"6":2,"7":2,"8":1,"9":2,"10":2,"11":2,"12":2,"13":1,"14":2,"15":2,"16":2,"17":2,"18":2,"19":0,"20":2,"21":1,"22":1,"23":1,"24":1,"25":1,"26":0,"27":0,"28":1,"29":1,"30":2,"31":0,"32":0,"33":0,"34":1,"35":2,"36":2,"37":3,"38":3,"39":3,"40":3,"41":0,"42":3,"43":3,"44":3,"45":1,"46":3,"47":1,"48":1,"49":1,"50":1,"51":1,"52":1,"53":1,"54":1,"55":1,"56":1,"57":0,"58":1,"59":6,"60":6,"61":1,"62":2,"63":0,"64":2,"65":1,"66":1,"67":0,"68":0,"69":0,"70":0,"71":0,"72":0,"73":0,"74":0,"75":0,"76":0,"77":0,"78":0,"79":0,"80":0,"81":0,"82":0,"83":0},"b":{"1":[2,1,1,1],"2":[1,1,1,1],"3":[1,1],"4":[2,2],"5":[1,1],"6":[1,1],"7":[2,0],"8":[2,1,1,1,1,1],"9":[0,2,0],"10":[1,1],"11":[2,1,1],"12":[1,0],"13":[0,2],"14":[2,0,0,0,0,0,0],"15":[0,3],"16":[3,0],"17":[1,1],"18":[0,1],"19":[1,2,0,2],"20":[1,0],"21":[1,1],"22":[0,0],"23":[0,0],"24":[0,0],"25":[0,0],"26":[0,0],"27":[0,0],"28":[0,0]},"f":{"1":2,"2":2,"3":2,"4":2,"5":2,"6":2,"7":3,"8":3,"9":3,"10":1,"11":6,"12":0},"fnMap":{"1":{"name":"(anonymous_1)","line":26,"loc":{"start":{"line":26,"column":1},"end":{"line":26,"column":13}}},"2":{"name":"(anonymous_2)","line":33,"loc":{"start":{"line":33,"column":5},"end":{"line":33,"column":17}}},"3":{"name":"(anonymous_3)","line":37,"loc":{"start":{"line":37,"column":24},"end":{"line":37,"column":36}}},"4":{"name":"(anonymous_4)","line":69,"loc":{"start":{"line":69,"column":31},"end":{"line":69,"column":48}},"skip":true},"5":{"name":"(anonymous_5)","line":78,"loc":{"start":{"line":78,"column":26},"end":{"line":78,"column":45}},"skip":true},"6":{"name":"(anonymous_6)","line":123,"loc":{"start":{"line":123,"column":33},"end":{"line":123,"column":48}},"skip":true},"7":{"name":"(anonymous_7)","line":125,"loc":{"start":{"line":125,"column":27},"end":{"line":125,"column":39}},"skip":true},"8":{"name":"(anonymous_8)","line":133,"loc":{"start":{"line":133,"column":59},"end":{"line":133,"column":74}},"skip":true},"9":{"name":"(anonymous_9)","line":143,"loc":{"start":{"line":143,"column":45},"end":{"line":143,"column":62}},"skip":true},"10":{"name":"(anonymous_10)","line":144,"loc":{"start":{"line":144,"column":73},"end":{"line":144,"column":92}},"skip":true},"11":{"name":"(anonymous_11)","line":272,"loc":{"start":{"line":272,"column":51},"end":{"line":272,"column":77}},"skip":true},"12":{"name":"(anonymous_12)","line":315,"loc":{"start":{"line":315,"column":32},"end":{"line":315,"column":61}},"skip":true}},"statementMap":{"1":{"start":{"line":26,"column":0},"end":{"line":326,"column":5}},"2":{"start":{"line":28,"column":4},"end":{"line":28,"column":14}},"3":{"start":{"line":33,"column":4},"end":{"line":60,"column":9}},"4":{"start":{"line":35,"column":8},"end":{"line":35,"column":19}},"5":{"start":{"line":37,"column":8},"end":{"line":49,"column":13}},"6":{"start":{"line":38,"column":12},"end":{"line":48,"column":13}},"7":{"start":{"line":39,"column":16},"end":{"line":42,"column":30}},"8":{"start":{"line":44,"column":16},"end":{"line":47,"column":27}},"9":{"start":{"line":51,"column":8},"end":{"line":53,"column":21}},"10":{"start":{"line":55,"column":8},"end":{"line":57,"column":45}},"11":{"start":{"line":59,"column":8},"end":{"line":59,"column":35}},"12":{"start":{"line":61,"column":4},"end":{"line":325,"column":5}},"13":{"start":{"line":69,"column":8},"end":{"line":121,"column":10},"skip":true},"14":{"start":{"line":70,"column":12},"end":{"line":88,"column":13},"skip":true},"15":{"start":{"line":76,"column":16},"end":{"line":87,"column":19},"skip":true},"16":{"start":{"line":79,"column":20},"end":{"line":86,"column":21},"skip":true},"17":{"start":{"line":82,"column":24},"end":{"line":82,"column":43},"skip":true},"18":{"start":{"line":83,"column":24},"end":{"line":83,"column":30},"skip":true},"19":{"start":{"line":85,"column":24},"end":{"line":85,"column":49},"skip":true},"20":{"start":{"line":89,"column":12},"end":{"line":107,"column":13},"skip":true},"21":{"start":{"line":92,"column":16},"end":{"line":102,"column":17},"skip":true},"22":{"start":{"line":93,"column":20},"end":{"line":93,"column":86},"skip":true},"23":{"start":{"line":94,"column":20},"end":{"line":95,"column":45},"skip":true},"24":{"start":{"line":96,"column":20},"end":{"line":96,"column":42},"skip":true},"25":{"start":{"line":97,"column":20},"end":{"line":97,"column":48},"skip":true},"26":{"start":{"line":100,"column":20},"end":{"line":100,"column":85},"skip":true},"27":{"start":{"line":101,"column":20},"end":{"line":101,"column":96},"skip":true},"28":{"start":{"line":103,"column":16},"end":{"line":103,"column":22},"skip":true},"29":{"start":{"line":106,"column":16},"end":{"line":106,"column":22},"skip":true},"30":{"start":{"line":108,"column":12},"end":{"line":120,"column":13},"skip":true},"31":{"start":{"line":114,"column":16},"end":{"line":119,"column":17},"skip":true},"32":{"start":{"line":116,"column":20},"end":{"line":116,"column":78},"skip":true},"33":{"start":{"line":118,"column":20},"end":{"line":118,"column":47},"skip":true},"34":{"start":{"line":123,"column":8},"end":{"line":141,"column":11},"skip":true},"35":{"start":{"line":124,"column":12},"end":{"line":124,"column":54},"skip":true},"36":{"start":{"line":125,"column":12},"end":{"line":140,"column":14},"skip":true},"37":{"start":{"line":126,"column":16},"end":{"line":126,"column":28},"skip":true},"38":{"start":{"line":127,"column":16},"end":{"line":127,"column":69},"skip":true},"39":{"start":{"line":128,"column":16},"end":{"line":128,"column":75},"skip":true},"40":{"start":{"line":129,"column":16},"end":{"line":131,"column":17},"skip":true},"41":{"start":{"line":130,"column":20},"end":{"line":130,"column":27},"skip":true},"42":{"start":{"line":133,"column":16},"end":{"line":137,"column":36},"skip":true},"43":{"start":{"line":134,"column":20},"end":{"line":136,"column":55},"skip":true},"44":{"start":{"line":139,"column":16},"end":{"line":139,"column":57},"skip":true},"45":{"start":{"line":143,"column":8},"end":{"line":147,"column":11},"skip":true},"46":{"start":{"line":144,"column":12},"end":{"line":146,"column":15},"skip":true},"47":{"start":{"line":145,"column":16},"end":{"line":145,"column":70},"skip":true},"48":{"start":{"line":149,"column":8},"end":{"line":149,"column":31},"skip":true},"49":{"start":{"line":150,"column":8},"end":{"line":150,"column":14},"skip":true},"50":{"start":{"line":158,"column":8},"end":{"line":158,"column":31},"skip":true},"51":{"start":{"line":160,"column":8},"end":{"line":160,"column":33},"skip":true},"52":{"start":{"line":161,"column":8},"end":{"line":161,"column":37},"skip":true},"53":{"start":{"line":162,"column":8},"end":{"line":162,"column":35},"skip":true},"54":{"start":{"line":164,"column":8},"end":{"line":164,"column":50},"skip":true},"55":{"start":{"line":166,"column":8},"end":{"line":256,"column":2},"skip":true},"56":{"start":{"line":258,"column":8},"end":{"line":286,"column":9},"skip":true},"57":{"start":{"line":259,"column":12},"end":{"line":269,"column":14},"skip":true},"58":{"start":{"line":271,"column":12},"end":{"line":285,"column":19},"skip":true},"59":{"start":{"line":274,"column":20},"end":{"line":274,"column":35},"skip":true},"60":{"start":{"line":275,"column":20},"end":{"line":284,"column":21},"skip":true},"61":{"start":{"line":277,"column":24},"end":{"line":277,"column":64},"skip":true},"62":{"start":{"line":279,"column":24},"end":{"line":279,"column":40},"skip":true},"63":{"start":{"line":281,"column":24},"end":{"line":281,"column":40},"skip":true},"64":{"start":{"line":283,"column":24},"end":{"line":283,"column":39},"skip":true},"65":{"start":{"line":288,"column":8},"end":{"line":290,"column":9},"skip":true},"66":{"start":{"line":289,"column":12},"end":{"line":289,"column":18},"skip":true},"67":{"start":{"line":291,"column":8},"end":{"line":293,"column":54},"skip":true},"68":{"start":{"line":296,"column":8},"end":{"line":301,"column":37},"skip":true},"69":{"start":{"line":303,"column":8},"end":{"line":303,"column":82},"skip":true},"70":{"start":{"line":306,"column":8},"end":{"line":308,"column":9},"skip":true},"71":{"start":{"line":307,"column":12},"end":{"line":307,"column":82},"skip":true},"72":{"start":{"line":310,"column":8},"end":{"line":312,"column":9},"skip":true},"73":{"start":{"line":311,"column":12},"end":{"line":311,"column":18},"skip":true},"74":{"start":{"line":313,"column":8},"end":{"line":313,"column":54},"skip":true},"75":{"start":{"line":314,"column":8},"end":{"line":314,"column":69},"skip":true},"76":{"start":{"line":315,"column":8},"end":{"line":323,"column":36},"skip":true},"77":{"start":{"line":316,"column":12},"end":{"line":316,"column":61},"skip":true},"78":{"start":{"line":317,"column":12},"end":{"line":320,"column":13},"skip":true},"79":{"start":{"line":318,"column":16},"end":{"line":318,"column":75},"skip":true},"80":{"start":{"line":319,"column":16},"end":{"line":319,"column":23},"skip":true},"81":{"start":{"line":321,"column":12},"end":{"line":321,"column":38},"skip":true},"82":{"start":{"line":322,"column":12},"end":{"line":322,"column":27},"skip":true},"83":{"start":{"line":324,"column":8},"end":{"line":324,"column":14},"skip":true}},"branchMap":{"1":{"line":39,"type":"binary-expr","locations":[{"start":{"line":39,"column":23},"end":{"line":39,"column":62}},{"start":{"line":40,"column":20},"end":{"line":40,"column":70}},{"start":{"line":41,"column":20},"end":{"line":41,"column":71}},{"start":{"line":42,"column":20},"end":{"line":42,"column":29}}]},"2":{"line":44,"type":"binary-expr","locations":[{"start":{"line":44,"column":23},"end":{"line":44,"column":37}},{"start":{"line":45,"column":20},"end":{"line":45,"column":61}},{"start":{"line":46,"column":20},"end":{"line":46,"column":70}},{"start":{"line":47,"column":20},"end":{"line":47,"column":26}}]},"3":{"line":51,"type":"cond-expr","locations":[{"start":{"line":52,"column":14},"end":{"line":52,"column":20}},{"start":{"line":53,"column":14},"end":{"line":53,"column":20}}]},"4":{"line":55,"type":"binary-expr","locations":[{"start":{"line":55,"column":16},"end":{"line":55,"column":44}},{"start":{"line":55,"column":49},"end":{"line":57,"column":43}}]},"5":{"line":55,"type":"cond-expr","locations":[{"start":{"line":56,"column":14},"end":{"line":56,"column":55}},{"start":{"line":57,"column":14},"end":{"line":57,"column":43}}]},"6":{"line":61,"type":"switch","locations":[{"start":{"line":68,"column":4},"end":{"line":150,"column":14},"skip":true},{"start":{"line":156,"column":4},"end":{"line":324,"column":14},"skip":true}]},"7":{"line":70,"type":"if","locations":[{"start":{"line":70,"column":12},"end":{"line":70,"column":12},"skip":true},{"start":{"line":70,"column":12},"end":{"line":70,"column":12},"skip":true}]},"8":{"line":70,"type":"binary-expr","locations":[{"start":{"line":70,"column":16},"end":{"line":70,"column":22},"skip":true},{"start":{"line":70,"column":27},"end":{"line":70,"column":32},"skip":true},{"start":{"line":71,"column":20},"end":{"line":71,"column":39},"skip":true},{"start":{"line":72,"column":20},"end":{"line":72,"column":49},"skip":true},{"start":{"line":73,"column":20},"end":{"line":73,"column":58},"skip":true},{"start":{"line":74,"column":20},"end":{"line":74,"column":69},"skip":true}]},"9":{"line":79,"type":"switch","locations":[{"start":{"line":80,"column":20},"end":{"line":80,"column":33},"skip":true},{"start":{"line":81,"column":20},"end":{"line":83,"column":30},"skip":true},{"start":{"line":84,"column":20},"end":{"line":85,"column":49},"skip":true}]},"10":{"line":89,"type":"switch","locations":[{"start":{"line":90,"column":12},"end":{"line":103,"column":22},"skip":true},{"start":{"line":105,"column":12},"end":{"line":106,"column":22},"skip":true}]},"11":{"line":89,"type":"binary-expr","locations":[{"start":{"line":89,"column":20},"end":{"line":89,"column":25},"skip":true},{"start":{"line":89,"column":29},"end":{"line":89,"column":48},"skip":true},{"start":{"line":89,"column":52},"end":{"line":89,"column":74},"skip":true}]},"12":{"line":92,"type":"if","locations":[{"start":{"line":92,"column":16},"end":{"line":92,"column":16},"skip":true},{"start":{"line":92,"column":16},"end":{"line":92,"column":16},"skip":true}]},"13":{"line":108,"type":"if","locations":[{"start":{"line":108,"column":12},"end":{"line":108,"column":12},"skip":true},{"start":{"line":108,"column":12},"end":{"line":108,"column":12},"skip":true}]},"14":{"line":108,"type":"binary-expr","locations":[{"start":{"line":108,"column":16},"end":{"line":108,"column":61},"skip":true},{"start":{"line":108,"column":66},"end":{"line":108,"column":72},"skip":true},{"start":{"line":108,"column":77},"end":{"line":108,"column":82},"skip":true},{"start":{"line":109,"column":20},"end":{"line":109,"column":39},"skip":true},{"start":{"line":110,"column":20},"end":{"line":110,"column":49},"skip":true},{"start":{"line":111,"column":20},"end":{"line":111,"column":58},"skip":true},{"start":{"line":112,"column":20},"end":{"line":112,"column":68},"skip":true}]},"15":{"line":129,"type":"if","locations":[{"start":{"line":129,"column":16},"end":{"line":129,"column":16},"skip":true},{"start":{"line":129,"column":16},"end":{"line":129,"column":16},"skip":true}]},"16":{"line":134,"type":"cond-expr","locations":[{"start":{"line":135,"column":26},"end":{"line":135,"column":29},"skip":true},{"start":{"line":136,"column":26},"end":{"line":136,"column":54},"skip":true}]},"17":{"line":164,"type":"binary-expr","locations":[{"start":{"line":164,"column":27},"end":{"line":164,"column":43},"skip":true},{"start":{"line":164,"column":47},"end":{"line":164,"column":49},"skip":true}]},"18":{"line":258,"type":"if","locations":[{"start":{"line":258,"column":8},"end":{"line":258,"column":8},"skip":true},{"start":{"line":258,"column":8},"end":{"line":258,"column":8},"skip":true}]},"19":{"line":275,"type":"switch","locations":[{"start":{"line":276,"column":20},"end":{"line":277,"column":64},"skip":true},{"start":{"line":278,"column":20},"end":{"line":279,"column":40},"skip":true},{"start":{"line":280,"column":20},"end":{"line":281,"column":40},"skip":true},{"start":{"line":282,"column":20},"end":{"line":283,"column":39},"skip":true}]},"20":{"line":288,"type":"if","locations":[{"start":{"line":288,"column":8},"end":{"line":288,"column":8},"skip":true},{"start":{"line":288,"column":8},"end":{"line":288,"column":8},"skip":true}]},"21":{"line":288,"type":"binary-expr","locations":[{"start":{"line":288,"column":12},"end":{"line":288,"column":40},"skip":true},{"start":{"line":288,"column":44},"end":{"line":288,"column":67},"skip":true}]},"22":{"line":292,"type":"binary-expr","locations":[{"start":{"line":292,"column":12},"end":{"line":292,"column":50},"skip":true},{"start":{"line":293,"column":12},"end":{"line":293,"column":53},"skip":true}]},"23":{"line":297,"type":"binary-expr","locations":[{"start":{"line":297,"column":12},"end":{"line":297,"column":69},"skip":true},{"start":{"line":298,"column":12},"end":{"line":301,"column":36},"skip":true}]},"24":{"line":303,"type":"binary-expr","locations":[{"start":{"line":303,"column":43},"end":{"line":303,"column":75},"skip":true},{"start":{"line":303,"column":79},"end":{"line":303,"column":81},"skip":true}]},"25":{"line":306,"type":"if","locations":[{"start":{"line":306,"column":8},"end":{"line":306,"column":8},"skip":true},{"start":{"line":306,"column":8},"end":{"line":306,"column":8},"skip":true}]},"26":{"line":310,"type":"if","locations":[{"start":{"line":310,"column":8},"end":{"line":310,"column":8},"skip":true},{"start":{"line":310,"column":8},"end":{"line":310,"column":8},"skip":true}]},"27":{"line":313,"type":"binary-expr","locations":[{"start":{"line":313,"column":27},"end":{"line":313,"column":43},"skip":true},{"start":{"line":313,"column":47},"end":{"line":313,"column":53},"skip":true}]},"28":{"line":317,"type":"if","locations":[{"start":{"line":317,"column":12},"end":{"line":317,"column":12},"skip":true},{"start":{"line":317,"column":12},"end":{"line":317,"column":12},"skip":true}]}},"code":["/*","example.js","","quickstart example","","instruction","    1. save this script as example.js","    2. run the shell command:","        $ npm install npmtest-gremlins.js && PORT=8081 node example.js","    3. play with the browser-demo on http://127.0.0.1:8081","*/","","","","/* istanbul instrument in package npmtest_gremlins_js */","/*jslint","    bitwise: true,","    browser: true,","    maxerr: 8,","    maxlen: 96,","    node: true,","    nomen: true,","    regexp: true,","    stupid: true","*/","(function () {","    'use strict';","    var local;","","","","    // run shared js-env code - pre-init","    (function () {","        // init local","        local = {};","        // init modeJs","        local.modeJs = (function () {","            try {","                return typeof navigator.userAgent === 'string' &&","                    typeof document.querySelector('body') === 'object' &&","                    typeof XMLHttpRequest.prototype.open === 'function' &&","                    'browser';","            } catch (errorCaughtBrowser) {","                return module.exports &&","                    typeof process.versions.node === 'string' &&","                    typeof require('http').createServer === 'function' &&","                    'node';","            }","        }());","        // init global","        local.global = local.modeJs === 'browser'","            ? window","            : global;","        // init utility2_rollup","        local = local.global.utility2_rollup || (local.modeJs === 'browser'","            ? local.global.utility2_npmtest_gremlins_js","            : global.utility2_moduleExports);","        // export local","        local.global.local = local;","    }());","    switch (local.modeJs) {","","","","    // post-init","    // run browser js-env code - post-init","    /* istanbul ignore next */","    case 'browser':","        local.testRunBrowser = function (event) {","            if (!event || (event &&","                    event.currentTarget &&","                    event.currentTarget.className &&","                    event.currentTarget.className.includes &&","                    event.currentTarget.className.includes('onreset'))) {","                // reset output","                Array.from(","                    document.querySelectorAll('body > .resettable')","                ).forEach(function (element) {","                    switch (element.tagName) {","                    case 'INPUT':","                    case 'TEXTAREA':","                        element.value = '';","                        break;","                    default:","                        element.textContent = '';","                    }","                });","            }","            switch (event && event.currentTarget && event.currentTarget.id) {","            case 'testRunButton1':","                // show tests","                if (document.querySelector('#testReportDiv1').style.display === 'none') {","                    document.querySelector('#testReportDiv1').style.display = 'block';","                    document.querySelector('#testRunButton1').textContent =","                        'hide internal test';","                    local.modeTest = true;","                    local.testRunDefault(local);","                // hide tests","                } else {","                    document.querySelector('#testReportDiv1').style.display = 'none';","                    document.querySelector('#testRunButton1').textContent = 'run internal test';","                }","                break;","            // custom-case","            default:","                break;","            }","            if (document.querySelector('#inputTextareaEval1') && (!event || (event &&","                    event.currentTarget &&","                    event.currentTarget.className &&","                    event.currentTarget.className.includes &&","                    event.currentTarget.className.includes('oneval')))) {","                // try to eval input-code","                try {","                    /*jslint evil: true*/","                    eval(document.querySelector('#inputTextareaEval1').value);","                } catch (errorCaught) {","                    console.error(errorCaught);","                }","            }","        };","        // log stderr and stdout to #outputTextareaStdout1","        ['error', 'log'].forEach(function (key) {","            console[key + '_original'] = console[key];","            console[key] = function () {","                var element;","                console[key + '_original'].apply(console, arguments);","                element = document.querySelector('#outputTextareaStdout1');","                if (!element) {","                    return;","                }","                // append text to #outputTextareaStdout1","                element.value += Array.from(arguments).map(function (arg) {","                    return typeof arg === 'string'","                        ? arg","                        : JSON.stringify(arg, null, 4);","                }).join(' ') + '\\n';","                // scroll textarea to bottom","                element.scrollTop = element.scrollHeight;","            };","        });","        // init event-handling","        ['change', 'click', 'keyup'].forEach(function (event) {","            Array.from(document.querySelectorAll('.on' + event)).forEach(function (element) {","                element.addEventListener(event, local.testRunBrowser);","            });","        });","        // run tests","        local.testRunBrowser();","        break;","","","","    // run node js-env code - post-init","    /* istanbul ignore next */","    case 'node':","        // export local","        module.exports = local;","        // require modules","        local.fs = require('fs');","        local.http = require('http');","        local.url = require('url');","        // init assets","        local.assetsDict = local.assetsDict || {};","        /* jslint-ignore-begin */","        local.assetsDict['/assets.index.template.html'] = '\\","<!doctype html>\\n\\","<html lang=\"en\">\\n\\","<head>\\n\\","<meta charset=\"UTF-8\">\\n\\","<meta name=\"viewport\" content=\"width=device-width, initial-scale=1\">\\n\\","<title>{{env.npm_package_name}} (v{{env.npm_package_version}})</title>\\n\\","<style>\\n\\","/*csslint\\n\\","    box-sizing: false,\\n\\","    universal-selector: false\\n\\","*/\\n\\","* {\\n\\","    box-sizing: border-box;\\n\\","}\\n\\","body {\\n\\","    background: #dde;\\n\\","    font-family: Arial, Helvetica, sans-serif;\\n\\","    margin: 2rem;\\n\\","}\\n\\","body > * {\\n\\","    margin-bottom: 1rem;\\n\\","}\\n\\",".utility2FooterDiv {\\n\\","    margin-top: 20px;\\n\\","    text-align: center;\\n\\","}\\n\\","</style>\\n\\","<style>\\n\\","/*csslint\\n\\","*/\\n\\","textarea {\\n\\","    font-family: monospace;\\n\\","    height: 10rem;\\n\\","    width: 100%;\\n\\","}\\n\\","textarea[readonly] {\\n\\","    background: #ddd;\\n\\","}\\n\\","</style>\\n\\","</head>\\n\\","<body>\\n\\","<!-- utility2-comment\\n\\","<div id=\"ajaxProgressDiv1\" style=\"background: #d00; height: 2px; left: 0; margin: 0; padding: 0; position: fixed; top: 0; transition: background 0.5s, width 1.5s; width: 25%;\"></div>\\n\\","utility2-comment -->\\n\\","<h1>\\n\\","<!-- utility2-comment\\n\\","    <a\\n\\","        {{#if env.npm_package_homepage}}\\n\\","        href=\"{{env.npm_package_homepage}}\"\\n\\","        {{/if env.npm_package_homepage}}\\n\\","        target=\"_blank\"\\n\\","    >\\n\\","utility2-comment -->\\n\\","        {{env.npm_package_name}} (v{{env.npm_package_version}})\\n\\","<!-- utility2-comment\\n\\","    </a>\\n\\","utility2-comment -->\\n\\","</h1>\\n\\","<h3>{{env.npm_package_description}}</h3>\\n\\","<!-- utility2-comment\\n\\","<h4><a download href=\"assets.app.js\">download standalone app</a></h4>\\n\\","<button class=\"onclick onreset\" id=\"testRunButton1\">run internal test</button><br>\\n\\","<div id=\"testReportDiv1\" style=\"display: none;\"></div>\\n\\","utility2-comment -->\\n\\","\\n\\","\\n\\","\\n\\","<label>stderr and stdout</label>\\n\\","<textarea class=\"resettable\" id=\"outputTextareaStdout1\" readonly></textarea>\\n\\","<!-- utility2-comment\\n\\","{{#if isRollup}}\\n\\","<script src=\"assets.app.js\"></script>\\n\\","{{#unless isRollup}}\\n\\","utility2-comment -->\\n\\","<script src=\"assets.utility2.rollup.js\"></script>\\n\\","<script src=\"jsonp.utility2._stateInit?callback=window.utility2._stateInit\"></script>\\n\\","<script src=\"assets.npmtest_gremlins_js.rollup.js\"></script>\\n\\","<script src=\"assets.example.js\"></script>\\n\\","<script src=\"assets.test.js\"></script>\\n\\","<!-- utility2-comment\\n\\","{{/if isRollup}}\\n\\","utility2-comment -->\\n\\","<div class=\"utility2FooterDiv\">\\n\\","    [ this app was created with\\n\\","    <a href=\"https://github.com/kaizhu256/node-utility2\" target=\"_blank\">utility2</a>\\n\\","    ]\\n\\","</div>\\n\\","</body>\\n\\","</html>\\n\\","';","        /* jslint-ignore-end */","        if (local.templateRender) {","            local.assetsDict['/'] = local.templateRender(","                local.assetsDict['/assets.index.template.html'],","                {","                    env: local.objectSetDefault(local.env, {","                        npm_package_description: 'the greatest app in the world!',","                        npm_package_name: 'my-app',","                        npm_package_nameAlias: 'my_app',","                        npm_package_version: '0.0.1'","                    })","                }","            );","        } else {","            local.assetsDict['/'] = local.assetsDict['/assets.index.template.html']","                .replace((/\\{\\{env\\.(\\w+?)\\}\\}/g), function (match0, match1) {","                    // jslint-hack","                    String(match0);","                    switch (match1) {","                    case 'npm_package_description':","                        return 'the greatest app in the world!';","                    case 'npm_package_name':","                        return 'my-app';","                    case 'npm_package_nameAlias':","                        return 'my_app';","                    case 'npm_package_version':","                        return '0.0.1';","                    }","                });","        }","        // run the cli","        if (local.global.utility2_rollup || module !== require.main) {","            break;","        }","        local.assetsDict['/assets.example.js'] =","            local.assetsDict['/assets.example.js'] ||","            local.fs.readFileSync(__filename, 'utf8');","        // bug-workaround - long $npm_package_buildCustomOrg","        /* jslint-ignore-begin */","        local.assetsDict['/assets.npmtest_gremlins_js.rollup.js'] =","            local.assetsDict['/assets.npmtest_gremlins_js.rollup.js'] ||","            local.fs.readFileSync(","                local.npmtest_gremlins_js.__dirname + '/lib.npmtest_gremlins_js.js',","                'utf8'","            ).replace((/^#!/), '//');","        /* jslint-ignore-end */","        local.assetsDict['/favicon.ico'] = local.assetsDict['/favicon.ico'] || '';","        // if $npm_config_timeout_exit exists,","        // then exit this process after $npm_config_timeout_exit ms","        if (Number(process.env.npm_config_timeout_exit)) {","            setTimeout(process.exit, Number(process.env.npm_config_timeout_exit));","        }","        // start server","        if (local.global.utility2_serverHttp1) {","            break;","        }","        process.env.PORT = process.env.PORT || '8081';","        console.error('server starting on port ' + process.env.PORT);","        local.http.createServer(function (request, response) {","            request.urlParsed = local.url.parse(request.url);","            if (local.assetsDict[request.urlParsed.pathname] !== undefined) {","                response.end(local.assetsDict[request.urlParsed.pathname]);","                return;","            }","            response.statusCode = 404;","            response.end();","        }).listen(process.env.PORT);","        break;","    }","}());",""],"l":{"26":2,"28":2,"33":2,"35":2,"37":2,"38":2,"39":2,"44":1,"51":2,"55":2,"59":2,"61":2,"69":1,"70":2,"76":2,"79":2,"82":2,"83":2,"85":1,"89":2,"92":1,"93":1,"94":1,"96":1,"97":1,"100":1,"101":1,"103":1,"106":1,"108":2,"114":1,"116":1,"118":1,"123":1,"124":2,"125":2,"126":3,"127":3,"128":3,"129":3,"130":1,"133":3,"134":3,"139":3,"143":1,"144":3,"145":1,"149":1,"150":1,"158":1,"160":1,"161":1,"162":1,"164":1,"166":1,"258":1,"259":1,"271":1,"274":6,"275":6,"277":1,"279":2,"281":1,"283":2,"288":1,"289":1,"291":1,"296":1,"303":1,"306":1,"307":1,"310":1,"311":1,"313":1,"314":1,"315":1,"316":1,"317":1,"318":1,"319":1,"321":1,"322":1,"324":1}},"/home/travis/build/npmtest/node-npmtest-gremlins.js/node_modules/gremlins.js/gremlins.min.js":{"path":"/home/travis/build/npmtest/node-npmtest-gremlins.js/node_modules/gremlins.js/gremlins.min.js","s":{"1":1,"2":1,"3":1,"4":1,"5":1,"6":200,"7":1,"8":76,"9":76,"10":62,"11":62,"12":62,"13":224,"14":224,"15":24,"16":200,"17":38,"18":0,"19":38,"20":62,"21":0,"22":76,"23":0,"24":0,"25":0,"26":0,"27":0,"28":0,"29":0,"30":0,"31":0,"32":0,"33":0,"34":0,"35":0,"36":0,"37":0,"38":76,"39":1,"40":13,"41":31,"42":1,"43":0,"44":0,"45":1,"46":0,"47":0,"48":1,"49":63,"50":14,"51":14,"52":63,"53":0,"54":63,"55":1,"56":152,"57":152,"58":1,"59":0,"60":0,"61":1,"62":1,"63":76,"64":76,"65":13,"66":0,"67":0,"68":0,"69":14,"70":14,"71":14,"72":14,"73":14,"74":44,"75":44,"76":13,"77":31,"78":0,"79":31,"80":0,"81":31,"82":31,"83":0,"84":0,"85":0,"86":14,"87":14,"88":14,"89":0,"90":14,"91":14,"92":0,"93":33,"94":0,"95":0,"96":15,"97":1,"98":0,"99":0,"100":0,"101":0,"102":0,"103":0,"104":1,"105":0,"106":0,"107":1,"108":0,"109":0,"110":1,"111":0,"112":0,"113":0,"114":0,"115":0,"116":0,"117":0,"118":0,"119":0,"120":0,"121":0,"122":0,"123":0,"124":0,"125":0,"126":0,"127":0,"128":0,"129":0,"130":0,"131":0,"132":0,"133":0,"134":0,"135":0,"136":0,"137":0,"138":0,"139":0,"140":0,"141":0,"142":0,"143":0,"144":0,"145":0,"146":0,"147":0,"148":0,"149":0,"150":0,"151":0,"152":0,"153":0,"154":0,"155":0,"156":0,"157":0,"158":0,"159":0,"160":0,"161":0,"162":0,"163":0,"164":0,"165":0,"166":0,"167":0,"168":0,"169":0,"170":0,"171":0,"172":0,"173":0,"174":0,"175":0,"176":0,"177":0,"178":0,"179":0,"180":0,"181":0,"182":0,"183":0,"184":0,"185":0,"186":0,"187":1,"188":1,"189":0,"190":0,"191":1,"192":1,"193":0,"194":0,"195":0,"196":0,"197":0,"198":0,"199":0,"200":1,"201":0,"202":0,"203":0,"204":0,"205":0,"206":0,"207":0,"208":0,"209":0,"210":0,"211":0,"212":0,"213":0,"214":0,"215":0,"216":0,"217":0,"218":0,"219":0,"220":0,"221":0,"222":0,"223":0,"224":0,"225":0,"226":0,"227":0,"228":0,"229":0,"230":0,"231":0,"232":0,"233":0,"234":0,"235":0,"236":0,"237":0,"238":0,"239":0,"240":0,"241":0,"242":0,"243":0,"244":0,"245":0,"246":0,"247":0,"248":0,"249":0,"250":0,"251":0,"252":0,"253":0,"254":0,"255":0,"256":0,"257":0,"258":0,"259":0,"260":0,"261":0,"262":0,"263":0,"264":0,"265":0,"266":0,"267":0,"268":0,"269":0,"270":0,"271":0,"272":0,"273":0,"274":0,"275":0,"276":0,"277":0,"278":0,"279":0,"280":0,"281":0,"282":0,"283":0,"284":0,"285":0,"286":0,"287":0,"288":0,"289":0,"290":0,"291":0,"292":0,"293":0,"294":0,"295":0,"296":0,"297":0,"298":0,"299":0,"300":0,"301":0,"302":0,"303":0,"304":0,"305":0,"306":0,"307":0,"308":0,"309":0,"310":0,"311":0,"312":0,"313":0,"314":0,"315":0,"316":0,"317":0,"318":0,"319":0,"320":0,"321":0,"322":0,"323":0,"324":0,"325":0,"326":0,"327":0,"328":0,"329":0,"330":0,"331":0,"332":0,"333":0,"334":0,"335":0,"336":0,"337":0,"338":0,"339":0,"340":0,"341":0,"342":0,"343":0,"344":0,"345":0,"346":1,"347":0,"348":1,"349":0,"350":0,"351":0,"352":0,"353":0,"354":0,"355":0,"356":0,"357":0,"358":0,"359":0,"360":0,"361":0,"362":0,"363":0,"364":0,"365":0,"366":0,"367":0,"368":0,"369":0,"370":0,"371":0,"372":0,"373":0,"374":0,"375":1,"376":1,"377":0,"378":0,"379":0,"380":0,"381":1,"382":1,"383":1,"384":1,"385":0,"386":0,"387":0,"388":0,"389":0,"390":0,"391":0,"392":0,"393":0,"394":0,"395":0,"396":0,"397":0,"398":0,"399":0,"400":0,"401":0,"402":1,"403":1,"404":1,"405":0,"406":0,"407":0,"408":0,"409":0,"410":0,"411":0,"412":0,"413":0,"414":0,"415":0,"416":0,"417":0,"418":0,"419":0,"420":0,"421":0,"422":0,"423":1,"424":0,"425":0,"426":1,"427":0,"428":0,"429":1,"430":0,"431":0,"432":0,"433":0,"434":0,"435":1,"436":0,"437":0,"438":1,"439":0,"440":0,"441":1,"442":0,"443":0,"444":1,"445":0,"446":0,"447":0,"448":0,"449":0,"450":0,"451":0,"452":0,"453":0,"454":1,"455":1,"456":1,"457":0,"458":0,"459":0,"460":0,"461":0,"462":0,"463":0,"464":0,"465":0,"466":0,"467":0,"468":0,"469":1,"470":1,"471":1,"472":0,"473":0,"474":0,"475":0,"476":0,"477":0,"478":0,"479":0,"480":0,"481":0,"482":1,"483":1,"484":1,"485":0,"486":0,"487":0,"488":0,"489":0,"490":0,"491":0,"492":0,"493":0,"494":1,"495":1,"496":1,"497":0,"498":0,"499":0,"500":0,"501":1,"502":1,"503":0,"504":1,"505":0,"506":0,"507":0,"508":0,"509":1,"510":0,"511":0,"512":0,"513":0,"514":0,"515":1,"516":1,"517":1,"518":1,"519":0,"520":0,"521":0,"522":0,"523":0,"524":0,"525":0,"526":0,"527":0,"528":1,"529":0,"530":0,"531":0,"532":0,"533":0,"534":0,"535":0,"536":0,"537":0,"538":1,"539":1,"540":1,"541":1,"542":1,"543":0,"544":1,"545":0,"546":0,"547":0,"548":0,"549":0,"550":0,"551":0,"552":0,"553":0,"554":1,"555":0,"556":0,"557":0,"558":0,"559":1,"560":1,"561":1,"562":1,"563":0,"564":0,"565":0,"566":0,"567":0,"568":0,"569":0,"570":1,"571":0,"572":0,"573":0,"574":0,"575":0,"576":0,"577":0,"578":1,"579":0,"580":0,"581":0,"582":0,"583":1,"584":1,"585":1,"586":1,"587":0,"588":0,"589":0,"590":0,"591":0,"592":0,"593":0,"594":0,"595":0,"596":0,"597":0,"598":1,"599":0,"600":0,"601":0,"602":0,"603":0,"604":0,"605":0,"606":1,"607":0,"608":0,"609":0,"610":0,"611":0,"612":0,"613":1,"614":0,"615":0,"616":0,"617":0,"618":1,"619":0,"620":0,"621":0,"622":1,"623":0,"624":1,"625":0,"626":0,"627":0,"628":0,"629":0,"630":0,"631":0,"632":0,"633":0,"634":0,"635":0,"636":0,"637":0,"638":0,"639":0,"640":0,"641":0,"642":0,"643":0,"644":0,"645":0,"646":0,"647":0,"648":0,"649":0,"650":0,"651":0,"652":0,"653":0,"654":0,"655":0,"656":0},"b":{"1":[0,1],"2":[1,0],"3":[1,0],"4":[76,75],"5":[76,0,76],"6":[62,14],"7":[76,76],"8":[62,0],"9":[24,200],"10":[38,162],"11":[0,38],"12":[38,38,38],"13":[38,38],"14":[0,0],"15":[0,76],"16":[76,1,76],"17":[0,0],"18":[0,0],"19":[0,0],"20":[0,0],"21":[0,0,0,0],"22":[0,0,0],"23":[0,0],"24":[14,49],"25":[0,63],"26":[63,0],"27":[152,0],"28":[152,0],"29":[0,0,0,0],"30":[76,0],"31":[0,76],"32":[0,0],"33":[0,0],"34":[76,0],"35":[0,76],"36":[0,0],"37":[14,14],"38":[14,0],"39":[0,14],"40":[14,1],"41":[13,31],"42":[0,31],"43":[0,31],"44":[31,0],"45":[31,13,0],"46":[0,0],"47":[14,0],"48":[0,14],"49":[14,0,0],"50":[14,0],"51":[14,0],"52":[0,0],"53":[32,1],"54":[0,32],"55":[1,0],"56":[0,0],"57":[1,1],"58":[1,0],"59":[0,1],"60":[0,0],"61":[15,1],"62":[15,15,15],"63":[0,0],"64":[0,0],"65":[0,0],"66":[0,0],"67":[0,0],"68":[0,0],"69":[0,0],"70":[0,0],"71":[0,0],"72":[0,0],"73":[0,0],"74":[0,0],"75":[0,0],"76":[0,0],"77":[0,0],"78":[0,0,0],"79":[0,0,0],"80":[0,0],"81":[0,0],"82":[0,0],"83":[0,0],"84":[0,0],"85":[0,0],"86":[0,0],"87":[0,0],"88":[0,0],"89":[0,0],"90":[0,0],"91":[0,0],"92":[0,0],"93":[0,0,0,0,0],"94":[0,0],"95":[0,0],"96":[0,0],"97":[0,0],"98":[0,0],"99":[0,0],"100":[0,0],"101":[0,0],"102":[0,0],"103":[0,0],"104":[0,0],"105":[0,0],"106":[0,0],"107":[0,0],"108":[0,0],"109":[0,0],"110":[0,0],"111":[0,0],"112":[0,0,0,0,0],"113":[0,0],"114":[0,0],"115":[0,0],"116":[0,0],"117":[0,0],"118":[0,0],"119":[0,0],"120":[0,0],"121":[0,0],"122":[0,0],"123":[0,0],"124":[0,0],"125":[0,0],"126":[0,0],"127":[0,0],"128":[0,0],"129":[0,0],"130":[0,0],"131":[0,0],"132":[0,0],"133":[0,0],"134":[0,0],"135":[0,0],"136":[0,0],"137":[0,0],"138":[0,0,0],"139":[0,0],"140":[0,0],"141":[0,0],"142":[0,0],"143":[0,0],"144":[0,0],"145":[0,0],"146":[0,0],"147":[0,0],"148":[0,0],"149":[0,0],"150":[0,0],"151":[0,0],"152":[1,1],"153":[1,1,1],"154":[1,1,1],"155":[1,0,0],"156":[0,0],"157":[0,0],"158":[0,0],"159":[0,0],"160":[0,0],"161":[0,0],"162":[0,0],"163":[0,0],"164":[0,0],"165":[0,0],"166":[0,0],"167":[0,0],"168":[0,0,0,0],"169":[0,0],"170":[0,0],"171":[0,0],"172":[0,0],"173":[0,0],"174":[0,0],"175":[0,0],"176":[0,0],"177":[0,0],"178":[0,0],"179":[0,0],"180":[0,0],"181":[0,0],"182":[0,0],"183":[0,0],"184":[0,0],"185":[0,0],"186":[0,0],"187":[0,0],"188":[0,0],"189":[0,0],"190":[0,0],"191":[0,0],"192":[0,0],"193":[0,0],"194":[0,0],"195":[0,0],"196":[0,0],"197":[0,0],"198":[0,0],"199":[0,0],"200":[0,0],"201":[0,0],"202":[0,0],"203":[0,0],"204":[0,0],"205":[0,0],"206":[0,0],"207":[0,0],"208":[0,0],"209":[0,0],"210":[0,0],"211":[0,0],"212":[0,0],"213":[0,0],"214":[0,0],"215":[0,0],"216":[0,0]},"f":{"1":1,"2":1,"3":1,"4":200,"5":76,"6":13,"7":31,"8":0,"9":0,"10":0,"11":0,"12":63,"13":152,"14":0,"15":0,"16":76,"17":13,"18":0,"19":0,"20":14,"21":33,"22":0,"23":0,"24":0,"25":15,"26":0,"27":1,"28":0,"29":0,"30":0,"31":0,"32":0,"33":0,"34":0,"35":0,"36":0,"37":0,"38":0,"39":0,"40":0,"41":0,"42":0,"43":0,"44":0,"45":0,"46":0,"47":0,"48":0,"49":0,"50":0,"51":0,"52":0,"53":0,"54":0,"55":0,"56":0,"57":0,"58":0,"59":0,"60":0,"61":0,"62":0,"63":0,"64":0,"65":0,"66":0,"67":0,"68":0,"69":0,"70":0,"71":0,"72":0,"73":0,"74":0,"75":0,"76":0,"77":0,"78":0,"79":0,"80":0,"81":0,"82":0,"83":0,"84":0,"85":0,"86":0,"87":0,"88":0,"89":0,"90":0,"91":0,"92":0,"93":0,"94":0,"95":0,"96":0,"97":0,"98":0,"99":0,"100":0,"101":0,"102":0,"103":0,"104":0,"105":0,"106":0,"107":0,"108":0,"109":0,"110":0,"111":0,"112":0,"113":0,"114":0,"115":0,"116":0,"117":0,"118":0,"119":0,"120":0,"121":0,"122":0,"123":0,"124":0,"125":0,"126":0,"127":0,"128":1,"129":1,"130":0,"131":0,"132":0,"133":1,"134":0,"135":0,"136":0,"137":0,"138":0,"139":0,"140":0,"141":1,"142":0,"143":0,"144":0,"145":0,"146":0,"147":0,"148":0,"149":0,"150":0,"151":0,"152":0,"153":0,"154":1,"155":0,"156":0,"157":0,"158":0,"159":0,"160":0,"161":1,"162":0,"163":0,"164":0,"165":0,"166":0,"167":1,"168":0,"169":0,"170":0,"171":0,"172":0,"173":0,"174":0,"175":0,"176":0,"177":1,"178":0,"179":0,"180":0,"181":0,"182":0,"183":0,"184":0,"185":0,"186":0,"187":0,"188":0,"189":1,"190":0,"191":0,"192":0,"193":0,"194":0,"195":0,"196":0,"197":0,"198":1,"199":0,"200":0,"201":0,"202":1,"203":0,"204":0,"205":0,"206":0,"207":0,"208":0,"209":0,"210":0,"211":1,"212":0,"213":0,"214":0,"215":0,"216":0,"217":0,"218":0,"219":0,"220":1,"221":0,"222":0,"223":0,"224":0,"225":0,"226":0,"227":0,"228":0,"229":0,"230":0,"231":1,"232":0,"233":0,"234":0,"235":0,"236":0,"237":0,"238":0,"239":0,"240":0,"241":0,"242":0,"243":0,"244":0,"245":0,"246":0,"247":0,"248":0,"249":0,"250":0},"fnMap":{"1":{"name":"(anonymous_1)","line":22,"loc":{"start":{"line":22,"column":1},"end":{"line":22,"column":14}}},"2":{"name":"(anonymous_2)","line":22,"loc":{"start":{"line":22,"column":129},"end":{"line":22,"column":139}}},"3":{"name":"(anonymous_3)","line":22,"loc":{"start":{"line":22,"column":157},"end":{"line":22,"column":168}}},"4":{"name":"d","line":22,"loc":{"start":{"line":22,"column":169},"end":{"line":22,"column":184}}},"5":{"name":"v","line":22,"loc":{"start":{"line":22,"column":204},"end":{"line":22,"column":219}}},"6":{"name":"m","line":22,"loc":{"start":{"line":22,"column":846},"end":{"line":22,"column":861}}},"7":{"name":"(anonymous_7)","line":22,"loc":{"start":{"line":22,"column":869},"end":{"line":22,"column":879}}},"8":{"name":"g","line":22,"loc":{"start":{"line":22,"column":933},"end":{"line":22,"column":946}}},"9":{"name":"(anonymous_9)","line":22,"loc":{"start":{"line":22,"column":954},"end":{"line":22,"column":965}}},"10":{"name":"y","line":22,"loc":{"start":{"line":22,"column":981},"end":{"line":22,"column":994}}},"11":{"name":"(anonymous_11)","line":22,"loc":{"start":{"line":22,"column":1002},"end":{"line":22,"column":1013}}},"12":{"name":"b","line":22,"loc":{"start":{"line":22,"column":1022},"end":{"line":22,"column":1035}}},"13":{"name":"w","line":22,"loc":{"start":{"line":22,"column":1148},"end":{"line":22,"column":1161}}},"14":{"name":"E","line":22,"loc":{"start":{"line":22,"column":1258},"end":{"line":22,"column":1271}}},"15":{"name":"(anonymous_15)","line":22,"loc":{"start":{"line":22,"column":1279},"end":{"line":22,"column":1289}}},"16":{"name":"(anonymous_16)","line":22,"loc":{"start":{"line":22,"column":1406},"end":{"line":22,"column":1419}}},"17":{"name":"(anonymous_17)","line":22,"loc":{"start":{"line":22,"column":1608},"end":{"line":22,"column":1619}}},"18":{"name":"(anonymous_18)","line":22,"loc":{"start":{"line":22,"column":1641},"end":{"line":22,"column":1652}}},"19":{"name":"(anonymous_19)","line":22,"loc":{"start":{"line":22,"column":1711},"end":{"line":22,"column":1722}}},"20":{"name":"(anonymous_20)","line":22,"loc":{"start":{"line":22,"column":1772},"end":{"line":22,"column":1789}}},"21":{"name":"(anonymous_21)","line":22,"loc":{"start":{"line":22,"column":2314},"end":{"line":22,"column":2333}}},"22":{"name":"(anonymous_22)","line":22,"loc":{"start":{"line":22,"column":2437},"end":{"line":22,"column":2447}}},"23":{"name":"(anonymous_23)","line":22,"loc":{"start":{"line":22,"column":2506},"end":{"line":22,"column":2516}}},"24":{"name":"(anonymous_24)","line":22,"loc":{"start":{"line":22,"column":2545},"end":{"line":22,"column":2556}}},"25":{"name":"(anonymous_25)","line":22,"loc":{"start":{"line":22,"column":2615},"end":{"line":22,"column":2630}}},"26":{"name":"(anonymous_26)","line":22,"loc":{"start":{"line":22,"column":2735},"end":{"line":22,"column":2745}}},"27":{"name":"(anonymous_27)","line":22,"loc":{"start":{"line":22,"column":2749},"end":{"line":22,"column":2759}}},"28":{"name":"a","line":22,"loc":{"start":{"line":22,"column":2760},"end":{"line":22,"column":2775}}},"29":{"name":"f","line":22,"loc":{"start":{"line":22,"column":2863},"end":{"line":22,"column":2878}}},"30":{"name":"(anonymous_30)","line":22,"loc":{"start":{"line":22,"column":3015},"end":{"line":22,"column":3026}}},"31":{"name":"(anonymous_31)","line":22,"loc":{"start":{"line":22,"column":3170},"end":{"line":22,"column":3180}}},"32":{"name":"(anonymous_32)","line":22,"loc":{"start":{"line":22,"column":3234},"end":{"line":22,"column":3245}}},"33":{"name":"(anonymous_33)","line":22,"loc":{"start":{"line":22,"column":3417},"end":{"line":22,"column":3428}}},"34":{"name":"(anonymous_34)","line":22,"loc":{"start":{"line":22,"column":3704},"end":{"line":22,"column":3715}}},"35":{"name":"(anonymous_35)","line":22,"loc":{"start":{"line":22,"column":4205},"end":{"line":22,"column":4216}}},"36":{"name":"(anonymous_36)","line":22,"loc":{"start":{"line":22,"column":4392},"end":{"line":22,"column":4403}}},"37":{"name":"(anonymous_37)","line":22,"loc":{"start":{"line":22,"column":4557},"end":{"line":22,"column":4568}}},"38":{"name":"(anonymous_38)","line":22,"loc":{"start":{"line":22,"column":4750},"end":{"line":22,"column":4761}}},"39":{"name":"(anonymous_39)","line":22,"loc":{"start":{"line":22,"column":4909},"end":{"line":22,"column":4920}}},"40":{"name":"(anonymous_40)","line":22,"loc":{"start":{"line":22,"column":4985},"end":{"line":22,"column":4996}}},"41":{"name":"(anonymous_41)","line":22,"loc":{"start":{"line":22,"column":5073},"end":{"line":22,"column":5086}}},"42":{"name":"(anonymous_42)","line":22,"loc":{"start":{"line":22,"column":5185},"end":{"line":22,"column":5196}}},"43":{"name":"(anonymous_43)","line":22,"loc":{"start":{"line":22,"column":5351},"end":{"line":22,"column":5362}}},"44":{"name":"(anonymous_44)","line":22,"loc":{"start":{"line":22,"column":5507},"end":{"line":22,"column":5518}}},"45":{"name":"(anonymous_45)","line":22,"loc":{"start":{"line":22,"column":5688},"end":{"line":22,"column":5699}}},"46":{"name":"(anonymous_46)","line":22,"loc":{"start":{"line":22,"column":5954},"end":{"line":22,"column":5965}}},"47":{"name":"(anonymous_47)","line":22,"loc":{"start":{"line":22,"column":6258},"end":{"line":22,"column":6269}}},"48":{"name":"(anonymous_48)","line":22,"loc":{"start":{"line":22,"column":6570},"end":{"line":22,"column":6581}}},"49":{"name":"(anonymous_49)","line":22,"loc":{"start":{"line":22,"column":11134},"end":{"line":22,"column":11144}}},"50":{"name":"(anonymous_50)","line":22,"loc":{"start":{"line":22,"column":11185},"end":{"line":22,"column":11195}}},"51":{"name":"(anonymous_51)","line":22,"loc":{"start":{"line":22,"column":15802},"end":{"line":22,"column":15812}}},"52":{"name":"(anonymous_52)","line":22,"loc":{"start":{"line":22,"column":15851},"end":{"line":22,"column":15862}}},"53":{"name":"(anonymous_53)","line":22,"loc":{"start":{"line":22,"column":16095},"end":{"line":22,"column":16105}}},"54":{"name":"(anonymous_54)","line":22,"loc":{"start":{"line":22,"column":16274},"end":{"line":22,"column":16285}}},"55":{"name":"(anonymous_55)","line":22,"loc":{"start":{"line":22,"column":16338},"end":{"line":22,"column":16349}}},"56":{"name":"(anonymous_56)","line":22,"loc":{"start":{"line":22,"column":16472},"end":{"line":22,"column":16483}}},"57":{"name":"t","line":22,"loc":{"start":{"line":22,"column":16484},"end":{"line":22,"column":16499}}},"58":{"name":"(anonymous_58)","line":22,"loc":{"start":{"line":22,"column":17052},"end":{"line":22,"column":17063}}},"59":{"name":"(anonymous_59)","line":22,"loc":{"start":{"line":22,"column":17133},"end":{"line":22,"column":17144}}},"60":{"name":"(anonymous_60)","line":22,"loc":{"start":{"line":22,"column":17219},"end":{"line":22,"column":17229}}},"61":{"name":"(anonymous_61)","line":22,"loc":{"start":{"line":22,"column":17304},"end":{"line":22,"column":17314}}},"62":{"name":"(anonymous_62)","line":22,"loc":{"start":{"line":22,"column":17353},"end":{"line":22,"column":17363}}},"63":{"name":"(anonymous_63)","line":22,"loc":{"start":{"line":22,"column":17497},"end":{"line":22,"column":17507}}},"64":{"name":"(anonymous_64)","line":22,"loc":{"start":{"line":22,"column":17615},"end":{"line":22,"column":17625}}},"65":{"name":"(anonymous_65)","line":22,"loc":{"start":{"line":22,"column":17680},"end":{"line":22,"column":17690}}},"66":{"name":"(anonymous_66)","line":22,"loc":{"start":{"line":22,"column":17759},"end":{"line":22,"column":17769}}},"67":{"name":"(anonymous_67)","line":22,"loc":{"start":{"line":22,"column":17821},"end":{"line":22,"column":17831}}},"68":{"name":"(anonymous_68)","line":22,"loc":{"start":{"line":22,"column":17875},"end":{"line":22,"column":17886}}},"69":{"name":"(anonymous_69)","line":22,"loc":{"start":{"line":22,"column":17972},"end":{"line":22,"column":17983}}},"70":{"name":"(anonymous_70)","line":22,"loc":{"start":{"line":22,"column":18172},"end":{"line":22,"column":18182}}},"71":{"name":"(anonymous_71)","line":22,"loc":{"start":{"line":22,"column":18257},"end":{"line":22,"column":18268}}},"72":{"name":"(anonymous_72)","line":22,"loc":{"start":{"line":22,"column":18345},"end":{"line":22,"column":18356}}},"73":{"name":"(anonymous_73)","line":22,"loc":{"start":{"line":22,"column":18450},"end":{"line":22,"column":18461}}},"74":{"name":"(anonymous_74)","line":22,"loc":{"start":{"line":22,"column":18550},"end":{"line":22,"column":18561}}},"75":{"name":"(anonymous_75)","line":22,"loc":{"start":{"line":22,"column":18869},"end":{"line":22,"column":18879}}},"76":{"name":"(anonymous_76)","line":22,"loc":{"start":{"line":22,"column":19123},"end":{"line":22,"column":19133}}},"77":{"name":"(anonymous_77)","line":22,"loc":{"start":{"line":22,"column":19686},"end":{"line":22,"column":19697}}},"78":{"name":"(anonymous_78)","line":22,"loc":{"start":{"line":22,"column":19808},"end":{"line":22,"column":19819}}},"79":{"name":"(anonymous_79)","line":22,"loc":{"start":{"line":22,"column":20130},"end":{"line":22,"column":20141}}},"80":{"name":"(anonymous_80)","line":22,"loc":{"start":{"line":22,"column":20247},"end":{"line":22,"column":20257}}},"81":{"name":"(anonymous_81)","line":22,"loc":{"start":{"line":22,"column":22619},"end":{"line":22,"column":22630}}},"82":{"name":"(anonymous_82)","line":22,"loc":{"start":{"line":22,"column":22811},"end":{"line":22,"column":22821}}},"83":{"name":"(anonymous_83)","line":22,"loc":{"start":{"line":22,"column":22892},"end":{"line":22,"column":22902}}},"84":{"name":"(anonymous_84)","line":22,"loc":{"start":{"line":22,"column":24130},"end":{"line":22,"column":24141}}},"85":{"name":"(anonymous_85)","line":22,"loc":{"start":{"line":22,"column":24180},"end":{"line":22,"column":24191}}},"86":{"name":"(anonymous_86)","line":22,"loc":{"start":{"line":22,"column":24366},"end":{"line":22,"column":24376}}},"87":{"name":"(anonymous_87)","line":22,"loc":{"start":{"line":22,"column":24424},"end":{"line":22,"column":24435}}},"88":{"name":"(anonymous_88)","line":22,"loc":{"start":{"line":22,"column":24910},"end":{"line":22,"column":24921}}},"89":{"name":"(anonymous_89)","line":22,"loc":{"start":{"line":22,"column":24970},"end":{"line":22,"column":24981}}},"90":{"name":"(anonymous_90)","line":22,"loc":{"start":{"line":22,"column":25074},"end":{"line":22,"column":25084}}},"91":{"name":"(anonymous_91)","line":22,"loc":{"start":{"line":22,"column":25155},"end":{"line":22,"column":25165}}},"92":{"name":"(anonymous_92)","line":22,"loc":{"start":{"line":22,"column":25215},"end":{"line":22,"column":25226}}},"93":{"name":"(anonymous_93)","line":22,"loc":{"start":{"line":22,"column":25307},"end":{"line":22,"column":25317}}},"94":{"name":"(anonymous_94)","line":22,"loc":{"start":{"line":22,"column":25996},"end":{"line":22,"column":26006}}},"95":{"name":"(anonymous_95)","line":22,"loc":{"start":{"line":22,"column":26060},"end":{"line":22,"column":26070}}},"96":{"name":"(anonymous_96)","line":22,"loc":{"start":{"line":22,"column":26160},"end":{"line":22,"column":26171}}},"97":{"name":"(anonymous_97)","line":22,"loc":{"start":{"line":22,"column":26308},"end":{"line":22,"column":26319}}},"98":{"name":"(anonymous_98)","line":22,"loc":{"start":{"line":22,"column":26592},"end":{"line":22,"column":26602}}},"99":{"name":"(anonymous_99)","line":22,"loc":{"start":{"line":22,"column":27755},"end":{"line":22,"column":27766}}},"100":{"name":"(anonymous_100)","line":22,"loc":{"start":{"line":22,"column":28043},"end":{"line":22,"column":28054}}},"101":{"name":"(anonymous_101)","line":22,"loc":{"start":{"line":22,"column":28259},"end":{"line":22,"column":28270}}},"102":{"name":"(anonymous_102)","line":22,"loc":{"start":{"line":22,"column":28462},"end":{"line":22,"column":28473}}},"103":{"name":"(anonymous_103)","line":22,"loc":{"start":{"line":22,"column":28651},"end":{"line":22,"column":28661}}},"104":{"name":"(anonymous_104)","line":22,"loc":{"start":{"line":22,"column":28730},"end":{"line":22,"column":28740}}},"105":{"name":"(anonymous_105)","line":22,"loc":{"start":{"line":22,"column":28792},"end":{"line":22,"column":28802}}},"106":{"name":"(anonymous_106)","line":22,"loc":{"start":{"line":22,"column":28854},"end":{"line":22,"column":28864}}},"107":{"name":"(anonymous_107)","line":22,"loc":{"start":{"line":22,"column":28917},"end":{"line":22,"column":28927}}},"108":{"name":"(anonymous_108)","line":22,"loc":{"start":{"line":22,"column":28981},"end":{"line":22,"column":28991}}},"109":{"name":"(anonymous_109)","line":22,"loc":{"start":{"line":22,"column":29045},"end":{"line":22,"column":29055}}},"110":{"name":"(anonymous_110)","line":22,"loc":{"start":{"line":22,"column":29109},"end":{"line":22,"column":29119}}},"111":{"name":"(anonymous_111)","line":22,"loc":{"start":{"line":22,"column":29174},"end":{"line":22,"column":29184}}},"112":{"name":"(anonymous_112)","line":22,"loc":{"start":{"line":22,"column":29239},"end":{"line":22,"column":29252}}},"113":{"name":"(anonymous_113)","line":22,"loc":{"start":{"line":22,"column":29679},"end":{"line":22,"column":29692}}},"114":{"name":"(anonymous_114)","line":22,"loc":{"start":{"line":22,"column":29726},"end":{"line":22,"column":29737}}},"115":{"name":"(anonymous_115)","line":22,"loc":{"start":{"line":22,"column":30031},"end":{"line":22,"column":30042}}},"116":{"name":"(anonymous_116)","line":22,"loc":{"start":{"line":22,"column":30189},"end":{"line":22,"column":30200}}},"117":{"name":"(anonymous_117)","line":22,"loc":{"start":{"line":22,"column":30334},"end":{"line":22,"column":30345}}},"118":{"name":"(anonymous_118)","line":22,"loc":{"start":{"line":22,"column":30510},"end":{"line":22,"column":30521}}},"119":{"name":"(anonymous_119)","line":22,"loc":{"start":{"line":22,"column":30573},"end":{"line":22,"column":30584}}},"120":{"name":"(anonymous_120)","line":22,"loc":{"start":{"line":22,"column":30817},"end":{"line":22,"column":30828}}},"121":{"name":"(anonymous_121)","line":22,"loc":{"start":{"line":22,"column":31072},"end":{"line":22,"column":31085}}},"122":{"name":"(anonymous_122)","line":22,"loc":{"start":{"line":22,"column":31616},"end":{"line":22,"column":31626}}},"123":{"name":"(anonymous_123)","line":22,"loc":{"start":{"line":22,"column":32235},"end":{"line":22,"column":32245}}},"124":{"name":"(anonymous_124)","line":22,"loc":{"start":{"line":22,"column":32305},"end":{"line":22,"column":32315}}},"125":{"name":"(anonymous_125)","line":22,"loc":{"start":{"line":22,"column":32379},"end":{"line":22,"column":32389}}},"126":{"name":"(anonymous_126)","line":22,"loc":{"start":{"line":22,"column":32460},"end":{"line":22,"column":32470}}},"127":{"name":"(anonymous_127)","line":22,"loc":{"start":{"line":22,"column":32545},"end":{"line":22,"column":32555}}},"128":{"name":"(anonymous_128)","line":22,"loc":{"start":{"line":22,"column":32826},"end":{"line":22,"column":32836}}},"129":{"name":"(anonymous_129)","line":22,"loc":{"start":{"line":22,"column":32983},"end":{"line":22,"column":32994}}},"130":{"name":"t","line":22,"loc":{"start":{"line":22,"column":32995},"end":{"line":22,"column":33010}}},"131":{"name":"(anonymous_131)","line":22,"loc":{"start":{"line":22,"column":33027},"end":{"line":22,"column":33038}}},"132":{"name":"(anonymous_132)","line":22,"loc":{"start":{"line":22,"column":33044},"end":{"line":22,"column":33055}}},"133":{"name":"(anonymous_133)","line":22,"loc":{"start":{"line":22,"column":33188},"end":{"line":22,"column":33199}}},"134":{"name":"(anonymous_134)","line":22,"loc":{"start":{"line":22,"column":33264},"end":{"line":22,"column":33274}}},"135":{"name":"f","line":22,"loc":{"start":{"line":22,"column":33275},"end":{"line":22,"column":33287}}},"136":{"name":"(anonymous_136)","line":22,"loc":{"start":{"line":22,"column":33899},"end":{"line":22,"column":33909}}},"137":{"name":"(anonymous_137)","line":22,"loc":{"start":{"line":22,"column":34042},"end":{"line":22,"column":34055}}},"138":{"name":"(anonymous_138)","line":22,"loc":{"start":{"line":22,"column":34464},"end":{"line":22,"column":34474}}},"139":{"name":"(anonymous_139)","line":22,"loc":{"start":{"line":22,"column":34509},"end":{"line":22,"column":34519}}},"140":{"name":"(anonymous_140)","line":22,"loc":{"start":{"line":22,"column":34546},"end":{"line":22,"column":34556}}},"141":{"name":"(anonymous_141)","line":22,"loc":{"start":{"line":22,"column":34765},"end":{"line":22,"column":34776}}},"142":{"name":"(anonymous_142)","line":22,"loc":{"start":{"line":22,"column":34841},"end":{"line":22,"column":34851}}},"143":{"name":"u","line":22,"loc":{"start":{"line":22,"column":34852},"end":{"line":22,"column":34864}}},"144":{"name":"a","line":22,"loc":{"start":{"line":22,"column":35350},"end":{"line":22,"column":35363}}},"145":{"name":"f","line":22,"loc":{"start":{"line":22,"column":35415},"end":{"line":22,"column":35428}}},"146":{"name":"l","line":22,"loc":{"start":{"line":22,"column":35499},"end":{"line":22,"column":35512}}},"147":{"name":"c","line":22,"loc":{"start":{"line":22,"column":35657},"end":{"line":22,"column":35670}}},"148":{"name":"h","line":22,"loc":{"start":{"line":22,"column":35808},"end":{"line":22,"column":35821}}},"149":{"name":"p","line":22,"loc":{"start":{"line":22,"column":35959},"end":{"line":22,"column":35972}}},"150":{"name":"d","line":22,"loc":{"start":{"line":22,"column":36019},"end":{"line":22,"column":36031}}},"151":{"name":"(anonymous_151)","line":22,"loc":{"start":{"line":22,"column":36371},"end":{"line":22,"column":36382}}},"152":{"name":"(anonymous_152)","line":22,"loc":{"start":{"line":22,"column":36565},"end":{"line":22,"column":36575}}},"153":{"name":"(anonymous_153)","line":22,"loc":{"start":{"line":22,"column":36602},"end":{"line":22,"column":36612}}},"154":{"name":"(anonymous_154)","line":22,"loc":{"start":{"line":22,"column":36811},"end":{"line":22,"column":36822}}},"155":{"name":"(anonymous_155)","line":22,"loc":{"start":{"line":22,"column":36887},"end":{"line":22,"column":36897}}},"156":{"name":"a","line":22,"loc":{"start":{"line":22,"column":36898},"end":{"line":22,"column":36910}}},"157":{"name":"(anonymous_157)","line":22,"loc":{"start":{"line":22,"column":37163},"end":{"line":22,"column":37173}}},"158":{"name":"(anonymous_158)","line":22,"loc":{"start":{"line":22,"column":37447},"end":{"line":22,"column":37460}}},"159":{"name":"(anonymous_159)","line":22,"loc":{"start":{"line":22,"column":37834},"end":{"line":22,"column":37844}}},"160":{"name":"(anonymous_160)","line":22,"loc":{"start":{"line":22,"column":37879},"end":{"line":22,"column":37889}}},"161":{"name":"(anonymous_161)","line":22,"loc":{"start":{"line":22,"column":38069},"end":{"line":22,"column":38080}}},"162":{"name":"(anonymous_162)","line":22,"loc":{"start":{"line":22,"column":38145},"end":{"line":22,"column":38155}}},"163":{"name":"a","line":22,"loc":{"start":{"line":22,"column":38156},"end":{"line":22,"column":38168}}},"164":{"name":"(anonymous_164)","line":22,"loc":{"start":{"line":22,"column":38914},"end":{"line":22,"column":38931}}},"165":{"name":"(anonymous_165)","line":22,"loc":{"start":{"line":22,"column":39424},"end":{"line":22,"column":39434}}},"166":{"name":"(anonymous_166)","line":22,"loc":{"start":{"line":22,"column":39469},"end":{"line":22,"column":39479}}},"167":{"name":"(anonymous_167)","line":22,"loc":{"start":{"line":22,"column":39653},"end":{"line":22,"column":39664}}},"168":{"name":"(anonymous_168)","line":22,"loc":{"start":{"line":22,"column":39729},"end":{"line":22,"column":39739}}},"169":{"name":"l","line":22,"loc":{"start":{"line":22,"column":39740},"end":{"line":22,"column":39752}}},"170":{"name":"(anonymous_170)","line":22,"loc":{"start":{"line":22,"column":39804},"end":{"line":22,"column":39815}}},"171":{"name":"(anonymous_171)","line":22,"loc":{"start":{"line":22,"column":39921},"end":{"line":22,"column":39932}}},"172":{"name":"(anonymous_172)","line":22,"loc":{"start":{"line":22,"column":40058},"end":{"line":22,"column":40069}}},"173":{"name":"(anonymous_173)","line":22,"loc":{"start":{"line":22,"column":40177},"end":{"line":22,"column":40187}}},"174":{"name":"(anonymous_174)","line":22,"loc":{"start":{"line":22
[...]
) return;","                if (gremlins.length === 0) {","                    return callDone();","                }","                executeNext(gremlins.shift(), 0, executeNextGremlin);","            }","","            executeNextGremlin();","        }","","        bySpeciesStrategy.stop = function() {","            stopped = true;","            setTimeout(callDone, 4);","        };","","        function callDone() {","            if (typeof doneCallback === 'function') {","                doneCallback();","            }","            doneCallback = null;","        }","","        configurable(bySpeciesStrategy, config);","","        return bySpeciesStrategy;","    };","});",""],"l":{"4":2,"7":0,"8":0,"10":0,"15":0,"20":0,"21":0,"26":1,"27":0,"31":0,"32":0,"34":1,"35":0,"36":0,"37":0,"38":0,"39":0,"44":1,"45":0,"46":0,"47":0,"49":0,"52":0,"55":0,"56":0,"57":0,"60":1,"61":0,"62":0,"64":0,"67":0,"69":0}},"/home/travis/build/npmtest/node-npmtest-gremlins.js/node_modules/gremlins.js/src/strategies/distribution.js":{"path":"/home/travis/build/npmtest/node-npmtest-gremlins.js/node_modules/gremlins.js/src/strategies/distribution.js","s":{"1":2,"2":0,"3":0,"4":0,"5":0,"6":0,"7":0,"8":0,"9":1,"10":0,"11":0,"12":0,"13":0,"14":0,"15":1,"16":0,"17":0,"18":0,"19":0,"20":0,"21":0,"22":0,"23":0,"24":1,"25":0,"26":0,"27":0,"28":0,"29":0,"30":0,"31":0,"32":0,"33":1,"34":0,"35":0,"36":0,"37":0,"38":0,"39":0,"40":0,"41":0,"42":0,"43":0,"44":1,"45":0,"46":0,"47":0,"48":0,"49":0},"b":{"1":[0,0],"2":[0,0],"3":[0,0],"4":[0,0],"5":[0,0],"6":[0,0],"7":[0,0],"8":[0,0],"9":[0,0]},"f":{"1":0,"2":0,"3":0,"4":0,"5":0,"6":0,"7":0,"8":0,"9":0,"10":0,"11":0},"fnMap":{"1":{"name":"(anonymous_1)","line":30,"loc":{"start":{"line":30,"column":7},"end":{"line":30,"column":25}}},"2":{"name":"(anonymous_2)","line":37,"loc":{"start":{"line":37,"column":11},"end":{"line":37,"column":22}}},"3":{"name":"distributionStrategy","line":55,"loc":{"start":{"line":55,"column":8},"end":{"line":55,"column":62}}},"4":{"name":"executeNext","line":66,"loc":{"start":{"line":66,"column":12},"end":{"line":66,"column":55}}},"5":{"name":"(anonymous_5)","line":69,"loc":{"start":{"line":69,"column":54},"end":{"line":69,"column":65}}},"6":{"name":"(anonymous_6)","line":70,"loc":{"start":{"line":70,"column":31},"end":{"line":70,"column":42}}},"7":{"name":"getUniformDistribution","line":79,"loc":{"start":{"line":79,"column":8},"end":{"line":79,"column":50}}},"8":{"name":"pickGremlin","line":90,"loc":{"start":{"line":90,"column":8},"end":{"line":90,"column":53}}},"9":{"name":"(anonymous_9)","line":98,"loc":{"start":{"line":98,"column":19},"end":{"line":98,"column":30}}},"10":{"name":"(anonymous_10)","line":101,"loc":{"start":{"line":101,"column":36},"end":{"line":101,"column":47}}},"11":{"name":"callDone","line":106,"loc":{"start":{"line":106,"column":8},"end":{"line":106,"column":28}}}},"statementMap":{"1":{"start":{"line":30,"column":0},"end":{"line":117,"column":3}},"2":{"start":{"line":33,"column":4},"end":{"line":33,"column":62}},"3":{"start":{"line":34,"column":4},"end":{"line":34,"column":56}},"4":{"start":{"line":35,"column":4},"end":{"line":35,"column":45}},"5":{"start":{"line":37,"column":4},"end":{"line":116,"column":6}},"6":{"start":{"line":42,"column":8},"end":{"line":47,"column":10}},"7":{"start":{"line":49,"column":8},"end":{"line":49,"column":20}},"8":{"start":{"line":50,"column":8},"end":{"line":50,"column":25}},"9":{"start":{"line":55,"column":8},"end":{"line":77,"column":9}},"10":{"start":{"line":56,"column":12},"end":{"line":59,"column":29}},"11":{"start":{"line":61,"column":12},"end":{"line":61,"column":40}},"12":{"start":{"line":61,"column":26},"end":{"line":61,"column":40}},"13":{"start":{"line":63,"column":12},"end":{"line":63,"column":28}},"14":{"start":{"line":64,"column":12},"end":{"line":64,"column":32}},"15":{"start":{"line":66,"column":12},"end":{"line":74,"column":13}},"16":{"start":{"line":67,"column":16},"end":{"line":67,"column":36}},"17":{"start":{"line":67,"column":29},"end":{"line":67,"column":36}},"18":{"start":{"line":68,"column":16},"end":{"line":68,"column":47}},"19":{"start":{"line":68,"column":29},"end":{"line":68,"column":47}},"20":{"start":{"line":69,"column":16},"end":{"line":73,"column":19}},"21":{"start":{"line":70,"column":20},"end":{"line":72,"column":37}},"22":{"start":{"line":71,"column":24},"end":{"line":71,"column":88}},"23":{"start":{"line":76,"column":12},"end":{"line":76,"column":77}},"24":{"start":{"line":79,"column":8},"end":{"line":88,"column":9}},"25":{"start":{"line":80,"column":12},"end":{"line":80,"column":38}},"26":{"start":{"line":81,"column":12},"end":{"line":81,"column":37}},"27":{"start":{"line":81,"column":27},"end":{"line":81,"column":37}},"28":{"start":{"line":82,"column":12},"end":{"line":82,"column":34}},"29":{"start":{"line":83,"column":12},"end":{"line":83,"column":32}},"30":{"start":{"line":84,"column":12},"end":{"line":86,"column":13}},"31":{"start":{"line":85,"column":16},"end":{"line":85,"column":41}},"32":{"start":{"line":87,"column":12},"end":{"line":87,"column":32}},"33":{"start":{"line":90,"column":8},"end":{"line":99,"column":9}},"34":{"start":{"line":91,"column":12},"end":{"line":91,"column":27}},"35":{"start":{"line":92,"column":12},"end":{"line":92,"column":72}},"36":{"start":{"line":93,"column":12},"end":{"line":96,"column":13}},"37":{"start":{"line":94,"column":16},"end":{"line":94,"column":42}},"38":{"start":{"line":95,"column":16},"end":{"line":95,"column":57}},"39":{"start":{"line":95,"column":38},"end":{"line":95,"column":57}},"40":{"start":{"line":98,"column":12},"end":{"line":98,"column":33}},"41":{"start":{"line":101,"column":8},"end":{"line":104,"column":10}},"42":{"start":{"line":102,"column":12},"end":{"line":102,"column":27}},"43":{"start":{"line":103,"column":12},"end":{"line":103,"column":36}},"44":{"start":{"line":106,"column":8},"end":{"line":111,"column":9}},"45":{"start":{"line":107,"column":12},"end":{"line":109,"column":13}},"46":{"start":{"line":108,"column":16},"end":{"line":108,"column":31}},"47":{"start":{"line":110,"column":12},"end":{"line":110,"column":32}},"48":{"start":{"line":113,"column":8},"end":{"line":113,"column":51}},"49":{"start":{"line":115,"column":8},"end":{"line":115,"column":36}}},"branchMap":{"1":{"line":56,"type":"cond-expr","locations":[{"start":{"line":56,"column":43},"end":{"line":56,"column":52}},{"start":{"line":56,"column":55},"end":{"line":56,"column":64}}]},"2":{"line":56,"type":"binary-expr","locations":[{"start":{"line":56,"column":21},"end":{"line":56,"column":27}},{"start":{"line":56,"column":31},"end":{"line":56,"column":40}}]},"3":{"line":58,"type":"cond-expr","locations":[{"start":{"line":58,"column":66},"end":{"line":58,"column":98}},{"start":{"line":58,"column":101},"end":{"line":58,"column":120}}]},"4":{"line":61,"type":"if","locations":[{"start":{"line":61,"column":12},"end":{"line":61,"column":12}},{"start":{"line":61,"column":12},"end":{"line":61,"column":12}}]},"5":{"line":67,"type":"if","locations":[{"start":{"line":67,"column":16},"end":{"line":67,"column":16}},{"start":{"line":67,"column":16},"end":{"line":67,"column":16}}]},"6":{"line":68,"type":"if","locations":[{"start":{"line":68,"column":16},"end":{"line":68,"column":16}},{"start":{"line":68,"column":16},"end":{"line":68,"column":16}}]},"7":{"line":81,"type":"if","locations":[{"start":{"line":81,"column":12},"end":{"line":81,"column":12}},{"start":{"line":81,"column":12},"end":{"line":81,"column":12}}]},"8":{"line":95,"type":"if","locations":[{"start":{"line":95,"column":16},"end":{"line":95,"column":16}},{"start":{"line":95,"column":16},"end":{"line":95,"column":16}}]},"9":{"line":107,"type":"if","locations":[{"start":{"line":107,"column":12},"end":{"line":107,"column":12}},{"start":{"line":107,"column":12},"end":{"line":107,"column":12}}]}},"code":["/**"," * Execute all Gremlins randomly following a distribution, separated by 10ms delay, for 100 times"," *"," * This is the default attack strategy, so selecting no strategy is equivalent to"," *"," *   var distributionStrategy = gremlins.strategies.distribution();"," *   horde.strategy(distributionStrategy);"," *"," * By default, this strategy uses a uniform distribution, i.e. all gremlins"," * have an equal chance to be selected for the next action."," *"," * The distribution strategy can be customized as follows:"," *"," *   distributionStrategy.distribution([0.25, 0.25, 0.25, 0.25]); // chances for each gremlin to be selected ; total must equal 1"," *   distributionStrategy.delay(10); // delay in milliseconds between each wave"," *   distributionStrategy.nb(100); // number of waves to execute (can be overridden in params)"," *   distributionStrategy.randomizer(randomizerObject); // inject a randomizer"," *"," * Example usage:"," *   horde.strategy(gremlins.strategies.distribution()"," *     .delay(50)"," *     .distribution(["," *       0.3, // first gremlin"," *       0.3, // second gremlin"," *       0.3, // third gremlin"," *       0.1, // fourth gremlin"," *     ])"," *   )"," */","define(function(require) {","    \"use strict\";","","    var executeInSeries = require('../utils/executeInSeries');","    var configurable = require('../utils/configurable');","    var Chance = require('../vendor/chance');","","    return function() {","","        /**","         * @mixin","         */","        var config = {","            distribution: [],  // percentage of each gremlin species ; the sum of all values should equal to 1","            delay:        10,  // delay in milliseconds between each wave","            nb:           100, // number of waves to execute (can be overridden in params)","            randomizer:   new Chance()","        };","","        var stopped;","        var doneCallback;","","        /**","         * @mixes config","         */","        function distributionStrategy(gremlins, params, done) {","            var nb = params && params.nb ? params.nb : config.nb,","                gremlins = gremlins.slice(0), // clone the array to avoid modifying the original","                distribution = config.distribution.length === 0 ? getUniformDistribution(gremlins) : config.distribution,","                horde = this;","","            if (nb === 0) return done();","","            stopped = false;","            doneCallback = done; // done can also be called by stop()","","            function executeNext(gremlin, i, callback) {","                if (stopped) return;","                if (i >= nb) return callDone();","                executeInSeries([gremlin], [], horde, function() {","                    setTimeout(function() {","                        executeNext(pickGremlin(gremlins, distribution), ++i, callback);","                    }, config.delay);","                });","            }","","            executeNext(pickGremlin(gremlins, distribution), 0, executeNext);","        }","","        function getUniformDistribution(gremlins) {","            var len = gremlins.length;","            if (len === 0) return [];","            var distribution = [];","            var value = 1 / len;","            for (var i = 0; i < len ; i++) {","                distribution.push(value);","            }","            return distribution;","        }","","        function pickGremlin(gremlins, distribution) {","            var chance = 0;","            var random = config.randomizer.floating({ min: 0, max: 1 });","            for (var i = 0, count = gremlins.length; i < count; i++) {","                chance += distribution[i];","                if (random <= chance) return gremlins[i];","            }","            // no gremlin - probably error in the distribution","            return function() {};","        }","","        distributionStrategy.stop = function() {","            stopped = true;","            setTimeout(callDone, 4);","        };","","        function callDone() {","            if (typeof doneCallback === 'function') {","                doneCallback();","            }","            doneCallback = null;","        }","","        configurable(distributionStrategy, config);","","        return distributionStrategy;","    };","});",""],"l":{"30":2,"33":0,"34":0,"35":0,"37":0,"42":0,"49":0,"50":0,"55":1,"56":0,"61":0,"63":0,"64":0,"66":1,"67":0,"68":0,"69":0,"70":0,"71":0,"76":0,"79":1,"80":0,"81":0,"82":0,"83":0,"84":0,"85":0,"87":0,"90":1,"91":0,"92":0,"93":0,"94":0,"95":0,"98":0,"101":0,"102":0,"103":0,"106":1,"107":0,"108":0,"110":0,"113":0,"115":0}},"/home/travis/build/npmtest/node-npmtest-gremlins.js/node_modules/gremlins.js/src/utils/configurable.js":{"path":"/home/travis/build/npmtest/node-npmtest-gremlins.js/node_modules/gremlins.js/src/utils/configurable.js","s":{"1":2,"2":1,"3":0,"4":0,"5":0,"6":0,"7":0,"8":0,"9":0,"10":0},"b":{"1":[0,0]},"f":{"1":0,"2":0,"3":0,"4":0},"fnMap":{"1":{"name":"(anonymous_1)","line":1,"loc":{"start":{"line":1,"column":7},"end":{"line":1,"column":25}}},"2":{"name":"configurable","line":38,"loc":{"start":{"line":38,"column":4},"end":{"line":38,"column":50}}},"3":{"name":"(anonymous_3)","line":40,"loc":{"start":{"line":40,"column":13},"end":{"line":40,"column":28}}},"4":{"name":"(anonymous_4)","line":41,"loc":{"start":{"line":41,"column":39},"end":{"line":41,"column":55}}}},"statementMap":{"1":{"start":{"line":1,"column":0},"end":{"line":51,"column":3}},"2":{"start":{"line":38,"column":4},"end":{"line":48,"column":5}},"3":{"start":{"line":39,"column":8},"end":{"line":47,"column":9}},"4":{"start":{"line":40,"column":12},"end":{"line":46,"column":21}},"5":{"start":{"line":41,"column":16},"end":{"line":45,"column":18}},"6":{"start":{"line":42,"column":20},"end":{"line":42,"column":63}},"7":{"start":{"line":42,"column":43},"end":{"line":42,"column":63}},"8":{"start":{"line":43,"column":20},"end":{"line":43,"column":41}},"9":{"start":{"line":44,"column":20},"end":{"line":44,"column":42}},"10":{"start":{"line":50,"column":4},"end":{"line":50,"column":24}}},"branchMap":{"1":{"line":42,"type":"if","locations":[{"start":{"line":42,"column":20},"end":{"line":42,"column":20}},{"start":{"line":42,"column":20},"end":{"line":42,"column":20}}]}},"code":["define(function(require) {","    \"use strict\";","","    /**","     * Make a function configurable","     *","     * Configurable functions modify their configuration. The configuration","     * must be an object defined in the function closure.","     *","     *   var config = {","     *     foo: 1","     *   };","     *   function bar() {","     *      console.log('foo value is', config.foo);","     *   }","     *   bar(); // 'foo value is 1'","     *   config.foo = 3;     ","     *   bar(); // 'foo value is 3'","     *","     * The configurable behavior modifies the function object, adding one","     * method for each item in the configuratton. ","     * ","     * The added methods use the same name as the configuraiton items. The ","     * added methods are both setters and getters, which means that they return","     * the config value when called without argument, and they modify the ","     * config value when called with an argument.","     *","     *   configurable(bar, config);","     *   // Now bar has a foo() method","     *","     *   bar.foo(2)","     *   bar(); // 'foo value is 2'","     *   bar.foo(); // 2","     *","     * @param {Function} targetFunction - The functions to make configurable","     * @param {Object} config - The configuration object with the default config values","     */","    function configurable(targetFunction, config) {","        for (var item in config) {","            (function(item) {","                targetFunction[item] = function(value) {","                    if (!arguments.length) return config[item];","                    config[item] = value;","                    return targetFunction;","                };","            })(item); // for doesn't create a closure, forcing it","        }","    }","","    return configurable;","});",""],"l":{"1":2,"38":1,"39":0,"40":0,"41":0,"42":0,"43":0,"44":0,"50":0}},"/home/travis/build/npmtest/node-npmtest-gremlins.js/node_modules/gremlins.js/src/utils/executeInSeries.js":{"path":"/home/travis/build/npmtest/node-npmtest-gremlins.js/node_modules/gremlins.js/src/utils/executeInSeries.js","s":{"1":2,"2":1,"3":0,"4":0,"5":0,"6":0,"7":0,"8":0,"9":0,"10":0,"11":0,"12":0,"13":0,"14":0,"15":0},"b":{"1":[0,0],"2":[0,0],"3":[0,0]},"f":{"1":0,"2":0,"3":0,"4":0},"fnMap":{"1":{"name":"(anonymous_1)","line":1,"loc":{"start":{"line":1,"column":7},"end":{"line":1,"column":25}}},"2":{"name":"executeInSeries","line":15,"loc":{"start":{"line":15,"column":4},"end":{"line":15,"column":61}}},"3":{"name":"(anonymous_3)","line":19,"loc":{"start":{"line":19,"column":23},"end":{"line":19,"column":49}}},"4":{"name":"(anonymous_4)","line":33,"loc":{"start":{"line":33,"column":18},"end":{"line":33,"column":28}}}},"statementMap":{"1":{"start":{"line":1,"column":0},"end":{"line":41,"column":3}},"2":{"start":{"line":15,"column":4},"end":{"line":38,"column":5}},"3":{"start":{"line":16,"column":8},"end":{"line":16,"column":38}},"4":{"start":{"line":17,"column":8},"end":{"line":17,"column":39}},"5":{"start":{"line":19,"column":8},"end":{"line":31,"column":10}},"6":{"start":{"line":20,"column":12},"end":{"line":22,"column":13}},"7":{"start":{"line":21,"column":16},"end":{"line":21,"column":66}},"8":{"start":{"line":24,"column":12},"end":{"line":24,"column":45}},"9":{"start":{"line":25,"column":12},"end":{"line":25,"column":42}},"10":{"start":{"line":28,"column":12},"end":{"line":30,"column":13}},"11":{"start":{"line":29,"column":16},"end":{"line":29,"column":48}},"12":{"start":{"line":33,"column":8},"end":{"line":35,"column":11}},"13":{"start":{"line":34,"column":12},"end":{"line":34,"column":44}},"14":{"start":{"line":37,"column":8},"end":{"line":37,"column":40}},"15":{"start":{"line":40,"column":4},"end":{"line":40,"column":27}}},"branchMap":{"1":{"line":20,"type":"if","locations":[{"start":{"line":20,"column":12},"end":{"line":20,"column":12}},{"start":{"line":20,"column":12},"end":{"line":20,"column":12}}]},"2":{"line":21,"type":"cond-expr","locations":[{"start":{"line":21,"column":52},"end":{"line":21,"column":58}},{"start":{"line":21,"column":61},"end":{"line":21,"column":65}}]},"3":{"line":28,"type":"if","locations":[{"start":{"line":28,"column":12},"end":{"line":28,"column":12}},{"start":{"line":28,"column":12},"end":{"line":28,"column":12}}]}},"code":["define(function(require) {","    \"use strict\";","","    /**","     * Execute a list of functions one after the other.","     *","     * Functions can be asynchronous or asynchronous, they will always be","     * executed in the order of the list.","     *","     * @param {Function[]} callbacks - The functions to execute","     * @param {Array} args - The arguments passed to each function","     * @param {Object|null} context - The object the functions must be bound to","     * @param {Function} done - The final callback to execute once all functions are executed","     */","    function executeInSeries(callbacks, args, context, done) {","        var nbArguments = args.length;","        callbacks = callbacks.slice(0); // clone the array to avoid modifying the original","","        var iterator = function(callbacks, args) {","            if (!callbacks.length) {","                return typeof done === 'function' ? done() : true;","            }","","            var callback = callbacks.shift();","            callback.apply(context, args);","","            // Is the callback synchronous ?","            if (callback.length === nbArguments) {","                iterator(callbacks, args, done);","            }","        };","","        args.push(function(){","            iterator(callbacks, args, done);","        });","","        iterator(callbacks, args, done);","    }","","    return executeInSeries;","});",""],"l":{"1":2,"15":1,"16":0,"17":0,"19":0,"20":0,"21":0,"24":0,"25":0,"28":0,"29":0,"33":0,"34":0,"37":0,"40":0}}}